<?xml version="1.0" encoding="UTF-8"?>
<coverage generated="1763854599381" clover="3.2.0">
  <project timestamp="1763854599381" name="All files">
    <metrics statements="360" coveredstatements="164" conditionals="132" coveredconditionals="12" methods="48" coveredmethods="3" elements="540" coveredelements="179" complexity="0" loc="360" ncloc="360" packages="8" files="25" classes="25"/>
    <package name="API-RESTful-movilidad">
      <metrics statements="51" coveredstatements="44" conditionals="12" coveredconditionals="8" methods="6" coveredmethods="2"/>
      <file name="index.js" path="C:\Users\Daniel\Desktop\Api\API-RESTful-movilidad\index.js">
        <metrics statements="51" coveredstatements="44" conditionals="12" coveredconditionals="8" methods="6" coveredmethods="2"/>
        <line num="1" count="6" type="stmt"/>
        <line num="2" count="6" type="stmt"/>
        <line num="3" count="6" type="stmt"/>
        <line num="4" count="6" type="stmt"/>
        <line num="5" count="6" type="stmt"/>
        <line num="6" count="6" type="stmt"/>
        <line num="7" count="6" type="stmt"/>
        <line num="8" count="6" type="stmt"/>
        <line num="9" count="6" type="stmt"/>
        <line num="10" count="6" type="stmt"/>
        <line num="11" count="6" type="stmt"/>
        <line num="12" count="6" type="stmt"/>
        <line num="13" count="6" type="stmt"/>
        <line num="14" count="6" type="stmt"/>
        <line num="15" count="6" type="stmt"/>
        <line num="16" count="6" type="stmt"/>
        <line num="18" count="6" type="stmt"/>
        <line num="19" count="6" type="stmt"/>
        <line num="21" count="6" type="stmt"/>
        <line num="29" count="6" type="stmt"/>
        <line num="30" count="6" type="cond" truecount="2" falsecount="0"/>
        <line num="32" count="6" type="stmt"/>
        <line num="33" count="6" type="stmt"/>
        <line num="39" count="6" type="stmt"/>
        <line num="40" count="6" type="stmt"/>
        <line num="41" count="6" type="stmt"/>
        <line num="42" count="6" type="stmt"/>
        <line num="44" count="6" type="stmt"/>
        <line num="45" count="6" type="stmt"/>
        <line num="46" count="6" type="stmt"/>
        <line num="49" count="6" type="stmt"/>
        <line num="51" count="6" type="stmt"/>
        <line num="53" count="6" type="stmt"/>
        <line num="54" count="0" type="stmt"/>
        <line num="57" count="6" type="stmt"/>
        <line num="58" count="0" type="stmt"/>
        <line num="61" count="6" type="stmt"/>
        <line num="62" count="0" type="stmt"/>
        <line num="65" count="6" type="stmt"/>
        <line num="69" count="11" type="stmt"/>
        <line num="70" count="11" type="stmt"/>
        <line num="71" count="10" type="cond" truecount="1" falsecount="1"/>
        <line num="72" count="0" type="stmt"/>
        <line num="74" count="10" type="stmt"/>
        <line num="75" count="10" type="stmt"/>
        <line num="77" count="10" type="stmt"/>
        <line num="79" count="6" type="cond" truecount="2" falsecount="2"/>
        <line num="80" count="0" type="stmt"/>
        <line num="81" count="0" type="stmt"/>
        <line num="82" count="0" type="stmt"/>
        <line num="91" count="6" type="stmt"/>
      </file>
    </package>
    <package name="API-RESTful-movilidad.src.config">
      <metrics statements="4" coveredstatements="4" conditionals="0" coveredconditionals="0" methods="0" coveredmethods="0"/>
      <file name="Authdatabase.js" path="C:\Users\Daniel\Desktop\Api\API-RESTful-movilidad\src\config\Authdatabase.js">
        <metrics statements="4" coveredstatements="4" conditionals="0" coveredconditionals="0" methods="0" coveredmethods="0"/>
        <line num="1" count="6" type="stmt"/>
        <line num="2" count="6" type="stmt"/>
        <line num="4" count="6" type="stmt"/>
        <line num="10" count="6" type="stmt"/>
      </file>
    </package>
    <package name="API-RESTful-movilidad.src.controller">
      <metrics statements="115" coveredstatements="26" conditionals="52" coveredconditionals="0" methods="20" coveredmethods="0"/>
      <file name="authController.js" path="C:\Users\Daniel\Desktop\Api\API-RESTful-movilidad\src\controller\authController.js">
        <metrics statements="22" coveredstatements="6" conditionals="8" coveredconditionals="0" methods="2" coveredmethods="0"/>
        <line num="1" count="6" type="stmt"/>
        <line num="2" count="6" type="stmt"/>
        <line num="3" count="6" type="stmt"/>
        <line num="4" count="6" type="stmt"/>
        <line num="6" count="6" type="stmt"/>
        <line num="7" count="0" type="stmt"/>
        <line num="9" count="0" type="stmt"/>
        <line num="12" count="0" type="stmt"/>
        <line num="13" count="0" type="cond" truecount="0" falsecount="2"/>
        <line num="14" count="0" type="stmt"/>
        <line num="16" count="0" type="stmt"/>
        <line num="19" count="0" type="cond" truecount="0" falsecount="2"/>
        <line num="20" count="0" type="stmt"/>
        <line num="23" count="0" type="stmt"/>
        <line num="30" count="0" type="cond" truecount="0" falsecount="2"/>
        <line num="31" count="0" type="stmt"/>
        <line num="34" count="0" type="stmt"/>
        <line num="44" count="6" type="stmt"/>
        <line num="45" count="0" type="cond" truecount="0" falsecount="2"/>
        <line num="46" count="0" type="stmt"/>
        <line num="47" count="0" type="stmt"/>
        <line num="49" count="0" type="stmt"/>
      </file>
      <file name="historyController.js" path="C:\Users\Daniel\Desktop\Api\API-RESTful-movilidad\src\controller\historyController.js">
        <metrics statements="44" coveredstatements="6" conditionals="34" coveredconditionals="0" methods="4" coveredmethods="0"/>
        <line num="1" count="6" type="stmt"/>
        <line num="2" count="6" type="stmt"/>
        <line num="5" count="6" type="stmt"/>
        <line num="6" count="0" type="stmt"/>
        <line num="8" count="0" type="cond" truecount="0" falsecount="4"/>
        <line num="9" count="0" type="stmt"/>
        <line num="12" count="0" type="stmt"/>
        <line num="14" count="0" type="cond" truecount="0" falsecount="2"/>
        <line num="15" count="0" type="stmt"/>
        <line num="20" count="0" type="stmt"/>
        <line num="28" count="6" type="stmt"/>
        <line num="30" count="0" type="stmt"/>
        <line num="31" count="0" type="cond" truecount="0" falsecount="2"/>
        <line num="32" count="0" type="stmt"/>
        <line num="34" count="0" type="stmt"/>
        <line num="36" count="0" type="cond" truecount="0" falsecount="4"/>
        <line num="37" count="0" type="stmt"/>
        <line num="40" count="0" type="stmt"/>
        <line num="42" count="0" type="stmt"/>
        <line num="50" count="6" type="stmt"/>
        <line num="51" count="0" type="stmt"/>
        <line num="52" count="0" type="stmt"/>
        <line num="54" count="0" type="cond" truecount="0" falsecount="4"/>
        <line num="55" count="0" type="stmt"/>
        <line num="57" count="0" type="cond" truecount="0" falsecount="4"/>
        <line num="58" count="0" type="stmt"/>
        <line num="61" count="0" type="stmt"/>
        <line num="63" count="0" type="cond" truecount="0" falsecount="2"/>
        <line num="64" count="0" type="stmt"/>
        <line num="69" count="0" type="stmt"/>
        <line num="76" count="6" type="stmt"/>
        <line num="78" count="0" type="stmt"/>
        <line num="79" count="0" type="cond" truecount="0" falsecount="2"/>
        <line num="80" count="0" type="stmt"/>
        <line num="82" count="0" type="stmt"/>
        <line num="83" count="0" type="stmt"/>
        <line num="85" count="0" type="cond" truecount="0" falsecount="4"/>
        <line num="86" count="0" type="stmt"/>
        <line num="88" count="0" type="cond" truecount="0" falsecount="4"/>
        <line num="89" count="0" type="stmt"/>
        <line num="92" count="0" type="stmt"/>
        <line num="94" count="0" type="cond" truecount="0" falsecount="2"/>
        <line num="95" count="0" type="stmt"/>
        <line num="100" count="0" type="stmt"/>
      </file>
      <file name="journeyController.js" path="C:\Users\Daniel\Desktop\Api\API-RESTful-movilidad\src\controller\journeyController.js">
        <metrics statements="15" coveredstatements="7" conditionals="0" coveredconditionals="0" methods="3" coveredmethods="0"/>
        <line num="1" count="6" type="stmt"/>
        <line num="2" count="6" type="stmt"/>
        <line num="3" count="6" type="stmt"/>
        <line num="4" count="6" type="stmt"/>
        <line num="6" count="6" type="stmt"/>
        <line num="7" count="0" type="stmt"/>
        <line num="11" count="0" type="stmt"/>
        <line num="12" count="0" type="stmt"/>
        <line num="17" count="6" type="stmt"/>
        <line num="18" count="0" type="stmt"/>
        <line num="19" count="0" type="stmt"/>
        <line num="25" count="6" type="stmt"/>
        <line num="27" count="0" type="stmt"/>
        <line num="28" count="0" type="stmt"/>
        <line num="29" count="0" type="stmt"/>
      </file>
      <file name="userController.js" path="C:\Users\Daniel\Desktop\Api\API-RESTful-movilidad\src\controller\userController.js">
        <metrics statements="34" coveredstatements="7" conditionals="10" coveredconditionals="0" methods="11" coveredmethods="0"/>
        <line num="1" count="6" type="stmt"/>
        <line num="7" count="6" type="stmt"/>
        <line num="8" count="0" type="stmt"/>
        <line num="12" count="6" type="stmt"/>
        <line num="13" count="0" type="stmt"/>
        <line num="14" count="0" type="stmt"/>
        <line num="15" count="0" type="cond" truecount="0" falsecount="2"/>
        <line num="16" count="0" type="stmt"/>
        <line num="20" count="6" type="stmt"/>
        <line num="21" count="0" type="stmt"/>
        <line num="22" count="0" type="stmt"/>
        <line num="24" count="0" type="stmt"/>
        <line num="25" count="0" type="cond" truecount="0" falsecount="2"/>
        <line num="27" count="0" type="stmt"/>
        <line num="28" count="0" type="stmt"/>
        <line num="32" count="6" type="stmt"/>
        <line num="33" count="0" type="stmt"/>
        <line num="34" count="0" type="stmt"/>
        <line num="35" count="0" type="cond" truecount="0" falsecount="2"/>
        <line num="37" count="0" type="stmt"/>
        <line num="38" count="0" type="stmt"/>
        <line num="42" count="6" type="stmt"/>
        <line num="43" count="0" type="stmt"/>
        <line num="44" count="0" type="stmt"/>
        <line num="46" count="0" type="stmt"/>
        <line num="47" count="0" type="cond" truecount="0" falsecount="2"/>
        <line num="49" count="0" type="stmt"/>
        <line num="53" count="6" type="stmt"/>
        <line num="54" count="0" type="stmt"/>
        <line num="55" count="0" type="stmt"/>
        <line num="57" count="0" type="stmt"/>
        <line num="58" count="0" type="cond" truecount="0" falsecount="2"/>
        <line num="60" count="0" type="stmt"/>
        <line num="61" count="0" type="stmt"/>
      </file>
    </package>
    <package name="API-RESTful-movilidad.src.middleware">
      <metrics statements="52" coveredstatements="12" conditionals="28" coveredconditionals="0" methods="4" coveredmethods="0"/>
      <file name="authMiddleware.js" path="C:\Users\Daniel\Desktop\Api\API-RESTful-movilidad\src\middleware\authMiddleware.js">
        <metrics statements="15" coveredstatements="3" conditionals="4" coveredconditionals="0" methods="1" coveredmethods="0"/>
        <line num="1" count="6" type="stmt"/>
        <line num="3" count="6" type="stmt"/>
        <line num="5" count="0" type="cond" truecount="0" falsecount="2"/>
        <line num="6" count="0" type="stmt"/>
        <line num="7" count="0" type="stmt"/>
        <line num="8" count="0" type="stmt"/>
        <line num="11" count="0" type="stmt"/>
        <line num="13" count="0" type="cond" truecount="0" falsecount="2"/>
        <line num="14" count="0" type="stmt"/>
        <line num="17" count="0" type="stmt"/>
        <line num="18" count="0" type="stmt"/>
        <line num="19" count="0" type="stmt"/>
        <line num="20" count="0" type="stmt"/>
        <line num="22" count="0" type="stmt"/>
        <line num="26" count="6" type="stmt"/>
      </file>
      <file name="errorHandler.js" path="C:\Users\Daniel\Desktop\Api\API-RESTful-movilidad\src\middleware\errorHandler.js">
        <metrics statements="12" coveredstatements="2" conditionals="16" coveredconditionals="0" methods="1" coveredmethods="0"/>
        <line num="1" count="6" type="stmt"/>
        <line num="2" count="0" type="cond" truecount="0" falsecount="2"/>
        <line num="3" count="0" type="cond" truecount="0" falsecount="2"/>
        <line num="5" count="0" type="stmt"/>
        <line num="9" count="0" type="cond" truecount="0" falsecount="2"/>
        <line num="10" count="0" type="stmt"/>
        <line num="13" count="0" type="cond" truecount="0" falsecount="2"/>
        <line num="14" count="0" type="stmt"/>
        <line num="20" count="0" type="cond" truecount="0" falsecount="2"/>
        <line num="21" count="0" type="cond" truecount="0" falsecount="2"/>
        <line num="23" count="0" type="stmt"/>
        <line num="29" count="6" type="stmt"/>
      </file>
      <file name="middlewareHistory.js" path="C:\Users\Daniel\Desktop\Api\API-RESTful-movilidad\src\middleware\middlewareHistory.js">
        <metrics statements="15" coveredstatements="1" conditionals="6" coveredconditionals="0" methods="1" coveredmethods="0"/>
        <line num="3" count="0" type="stmt"/>
        <line num="4" count="0" type="stmt"/>
        <line num="6" count="0" type="stmt"/>
        <line num="7" count="0" type="stmt"/>
        <line num="9" count="0" type="cond" truecount="0" falsecount="2"/>
        <line num="10" count="0" type="stmt"/>
        <line num="11" count="0" type="stmt"/>
        <line num="14" count="0" type="cond" truecount="0" falsecount="2"/>
        <line num="15" count="0" type="stmt"/>
        <line num="18" count="0" type="cond" truecount="0" falsecount="2"/>
        <line num="19" count="0" type="stmt"/>
        <line num="22" count="0" type="stmt"/>
        <line num="24" count="0" type="stmt"/>
        <line num="25" count="0" type="stmt"/>
        <line num="29" count="6" type="stmt"/>
      </file>
      <file name="rateLimit.js" path="C:\Users\Daniel\Desktop\Api\API-RESTful-movilidad\src\middleware\rateLimit.js">
        <metrics statements="3" coveredstatements="3" conditionals="0" coveredconditionals="0" methods="0" coveredmethods="0"/>
        <line num="1" count="6" type="stmt"/>
        <line num="3" count="6" type="stmt"/>
        <line num="11" count="6" type="stmt"/>
      </file>
      <file name="validate.js" path="C:\Users\Daniel\Desktop\Api\API-RESTful-movilidad\src\middleware\validate.js">
        <metrics statements="7" coveredstatements="3" conditionals="2" coveredconditionals="0" methods="1" coveredmethods="0"/>
        <line num="1" count="6" type="stmt"/>
        <line num="3" count="6" type="stmt"/>
        <line num="4" count="0" type="stmt"/>
        <line num="5" count="0" type="cond" truecount="0" falsecount="2"/>
        <line num="6" count="0" type="stmt"/>
        <line num="8" count="0" type="stmt"/>
        <line num="11" count="6" type="stmt"/>
      </file>
    </package>
    <package name="API-RESTful-movilidad.src.models">
      <metrics statements="19" coveredstatements="14" conditionals="4" coveredconditionals="0" methods="4" coveredmethods="1"/>
      <file name="Modelauth.js" path="C:\Users\Daniel\Desktop\Api\API-RESTful-movilidad\src\models\Modelauth.js">
        <metrics statements="11" coveredstatements="6" conditionals="4" coveredconditionals="0" methods="3" coveredmethods="0"/>
        <line num="1" count="6" type="stmt"/>
        <line num="2" count="6" type="stmt"/>
        <line num="3" count="6" type="stmt"/>
        <line num="5" count="6" type="stmt"/>
        <line num="43" count="0" type="cond" truecount="0" falsecount="2"/>
        <line num="44" count="0" type="stmt"/>
        <line num="48" count="0" type="cond" truecount="0" falsecount="2"/>
        <line num="49" count="0" type="stmt"/>
        <line num="56" count="6" type="stmt"/>
        <line num="57" count="0" type="stmt"/>
        <line num="60" count="6" type="stmt"/>
      </file>
      <file name="Modelhistory.js" path="C:\Users\Daniel\Desktop\Api\API-RESTful-movilidad\src\models\Modelhistory.js">
        <metrics statements="4" coveredstatements="4" conditionals="0" coveredconditionals="0" methods="1" coveredmethods="1"/>
        <line num="1" count="6" type="stmt"/>
        <line num="3" count="6" type="stmt"/>
        <line num="4" count="12" type="stmt"/>
        <line num="40" count="12" type="stmt"/>
      </file>
      <file name="Modeljourney.js" path="C:\Users\Daniel\Desktop\Api\API-RESTful-movilidad\src\models\Modeljourney.js">
        <metrics statements="4" coveredstatements="4" conditionals="0" coveredconditionals="0" methods="0" coveredmethods="0"/>
        <line num="1" count="6" type="stmt"/>
        <line num="2" count="6" type="stmt"/>
        <line num="4" count="6" type="stmt"/>
        <line num="22" count="6" type="stmt"/>
      </file>
    </package>
    <package name="API-RESTful-movilidad.src.routes">
      <metrics statements="56" coveredstatements="42" conditionals="14" coveredconditionals="0" methods="3" coveredmethods="0"/>
      <file name="auth.js" path="C:\Users\Daniel\Desktop\Api\API-RESTful-movilidad\src\routes\auth.js">
        <metrics statements="14" coveredstatements="11" conditionals="4" coveredconditionals="0" methods="1" coveredmethods="0"/>
        <line num="1" count="6" type="stmt"/>
        <line num="2" count="6" type="stmt"/>
        <line num="3" count="6" type="stmt"/>
        <line num="4" count="6" type="stmt"/>
        <line num="5" count="6" type="stmt"/>
        <line num="6" count="6" type="stmt"/>
        <line num="7" count="6" type="stmt"/>
        <line num="22" count="6" type="stmt"/>
        <line num="51" count="0" type="cond" truecount="0" falsecount="4"/>
        <line num="52" count="0" type="stmt"/>
        <line num="54" count="0" type="stmt"/>
        <line num="58" count="6" type="stmt"/>
        <line num="59" count="6" type="stmt"/>
        <line num="60" count="6" type="stmt"/>
      </file>
      <file name="history.js" path="C:\Users\Daniel\Desktop\Api\API-RESTful-movilidad\src\routes\history.js">
        <metrics statements="23" coveredstatements="12" conditionals="10" coveredconditionals="0" methods="2" coveredmethods="0"/>
        <line num="1" count="6" type="stmt"/>
        <line num="2" count="6" type="stmt"/>
        <line num="3" count="6" type="stmt"/>
        <line num="4" count="6" type="stmt"/>
        <line num="6" count="6" type="stmt"/>
        <line num="9" count="6" type="stmt"/>
        <line num="10" count="0" type="stmt"/>
        <line num="11" count="0" type="cond" truecount="0" falsecount="4"/>
        <line num="12" count="0" type="stmt"/>
        <line num="14" count="0" type="stmt"/>
        <line num="15" count="0" type="stmt"/>
        <line num="17" count="6" type="stmt"/>
        <line num="18" count="0" type="cond" truecount="0" falsecount="2"/>
        <line num="19" count="0" type="stmt"/>
        <line num="20" count="0" type="cond" truecount="0" falsecount="4"/>
        <line num="21" count="0" type="stmt"/>
        <line num="23" count="0" type="stmt"/>
        <line num="24" count="0" type="stmt"/>
        <line num="55" count="6" type="stmt"/>
        <line num="90" count="6" type="stmt"/>
        <line num="102" count="6" type="stmt"/>
        <line num="149" count="6" type="stmt"/>
        <line num="159" count="6" type="stmt"/>
      </file>
      <file name="journey.js" path="C:\Users\Daniel\Desktop\Api\API-RESTful-movilidad\src\routes\journey.js">
        <metrics statements="8" coveredstatements="8" conditionals="0" coveredconditionals="0" methods="0" coveredmethods="0"/>
        <line num="1" count="6" type="stmt"/>
        <line num="2" count="6" type="stmt"/>
        <line num="3" count="6" type="stmt"/>
        <line num="4" count="6" type="stmt"/>
        <line num="6" count="6" type="stmt"/>
        <line num="7" count="6" type="stmt"/>
        <line num="8" count="6" type="stmt"/>
        <line num="10" count="6" type="stmt"/>
      </file>
      <file name="users.js" path="C:\Users\Daniel\Desktop\Api\API-RESTful-movilidad\src\routes\users.js">
        <metrics statements="11" coveredstatements="11" conditionals="0" coveredconditionals="0" methods="0" coveredmethods="0"/>
        <line num="1" count="6" type="stmt"/>
        <line num="2" count="6" type="stmt"/>
        <line num="3" count="6" type="stmt"/>
        <line num="11" count="6" type="stmt"/>
        <line num="31" count="6" type="stmt"/>
        <line num="52" count="6" type="stmt"/>
        <line num="80" count="6" type="stmt"/>
        <line num="98" count="6" type="stmt"/>
        <line num="124" count="6" type="stmt"/>
        <line num="149" count="6" type="stmt"/>
        <line num="151" count="6" type="stmt"/>
      </file>
    </package>
    <package name="API-RESTful-movilidad.src.service">
      <metrics statements="54" coveredstatements="18" conditionals="18" coveredconditionals="0" methods="9" coveredmethods="0"/>
      <file name="authService.js" path="C:\Users\Daniel\Desktop\Api\API-RESTful-movilidad\src\service\authService.js">
        <metrics statements="7" coveredstatements="3" conditionals="0" coveredconditionals="0" methods="1" coveredmethods="0"/>
        <line num="1" count="6" type="stmt"/>
        <line num="2" count="6" type="stmt"/>
        <line num="4" count="6" type="stmt"/>
        <line num="5" count="0" type="stmt"/>
        <line num="6" count="0" type="stmt"/>
        <line num="10" count="0" type="stmt"/>
        <line num="11" count="0" type="stmt"/>
      </file>
      <file name="getAllJourneysService.js" path="C:\Users\Daniel\Desktop\Api\API-RESTful-movilidad\src\service\getAllJourneysService.js">
        <metrics statements="6" coveredstatements="2" conditionals="0" coveredconditionals="0" methods="1" coveredmethods="0"/>
        <line num="1" count="6" type="stmt"/>
        <line num="3" count="6" type="stmt"/>
        <line num="4" count="0" type="stmt"/>
        <line num="5" count="0" type="stmt"/>
        <line num="10" count="0" type="stmt"/>
        <line num="12" count="0" type="stmt"/>
      </file>
      <file name="getJourneysByIDService.js" path="C:\Users\Daniel\Desktop\Api\API-RESTful-movilidad\src\service\getJourneysByIDService.js">
        <metrics statements="7" coveredstatements="3" conditionals="2" coveredconditionals="0" methods="1" coveredmethods="0"/>
        <line num="1" count="6" type="stmt"/>
        <line num="3" count="6" type="stmt"/>
        <line num="4" count="0" type="stmt"/>
        <line num="8" count="0" type="cond" truecount="0" falsecount="2"/>
        <line num="9" count="0" type="stmt"/>
        <line num="12" count="0" type="stmt"/>
        <line num="15" count="6" type="stmt"/>
      </file>
      <file name="historyService.js" path="C:\Users\Daniel\Desktop\Api\API-RESTful-movilidad\src\service\historyService.js">
        <metrics statements="22" coveredstatements="6" conditionals="16" coveredconditionals="0" methods="4" coveredmethods="0"/>
        <line num="2" count="6" type="stmt"/>
        <line num="3" count="6" type="stmt"/>
        <line num="6" count="6" type="stmt"/>
        <line num="7" count="0" type="stmt"/>
        <line num="20" count="6" type="stmt"/>
        <line num="21" count="0" type="stmt"/>
        <line num="36" count="6" type="stmt"/>
        <line num="37" count="0" type="stmt"/>
        <line num="41" count="0" type="stmt"/>
        <line num="44" count="6" type="stmt"/>
        <line num="45" count="0" type="stmt"/>
        <line num="48" count="0" type="cond" truecount="0" falsecount="2"/>
        <line num="49" count="0" type="stmt"/>
        <line num="51" count="0" type="stmt"/>
        <line num="63" count="0" type="stmt"/>
        <line num="65" count="0" type="stmt"/>
        <line num="66" count="0" type="cond" truecount="0" falsecount="2"/>
        <line num="67" count="0" type="stmt"/>
        <line num="72" count="0" type="cond" truecount="0" falsecount="2"/>
        <line num="73" count="0" type="stmt"/>
        <line num="76" count="0" type="stmt"/>
        <line num="77" count="0" type="stmt"/>
      </file>
      <file name="newJourneyService.js" path="C:\Users\Daniel\Desktop\Api\API-RESTful-movilidad\src\service\newJourneyService.js">
        <metrics statements="6" coveredstatements="2" conditionals="0" coveredconditionals="0" methods="1" coveredmethods="0"/>
        <line num="1" count="6" type="stmt"/>
        <line num="3" count="6" type="stmt"/>
        <line num="4" count="0" type="stmt"/>
        <line num="5" count="0" type="stmt"/>
        <line num="6" count="0" type="stmt"/>
        <line num="8" count="0" type="stmt"/>
      </file>
      <file name="singupService.js" path="C:\Users\Daniel\Desktop\Api\API-RESTful-movilidad\src\service\singupService.js">
        <metrics statements="6" coveredstatements="2" conditionals="0" coveredconditionals="0" methods="1" coveredmethods="0"/>
        <line num="1" count="6" type="stmt"/>
        <line num="3" count="6" type="stmt"/>
        <line num="4" count="0" type="stmt"/>
        <line num="5" count="0" type="stmt"/>
        <line num="6" count="0" type="stmt"/>
        <line num="8" count="0" type="stmt"/>
      </file>
    </package>
    <package name="API-RESTful-movilidad.src.utils">
      <metrics statements="9" coveredstatements="4" conditionals="4" coveredconditionals="4" methods="2" coveredmethods="0"/>
      <file name="password.js" path="C:\Users\Daniel\Desktop\Api\API-RESTful-movilidad\src\utils\password.js">
        <metrics statements="9" coveredstatements="4" conditionals="4" coveredconditionals="4" methods="2" coveredmethods="0"/>
        <line num="1" count="6" type="stmt"/>
        <line num="3" count="6" type="cond" truecount="2" falsecount="0"/>
        <line num="4" count="6" type="cond" truecount="2" falsecount="0"/>
        <line num="7" count="0" type="stmt"/>
        <line num="8" count="0" type="stmt"/>
        <line num="9" count="0" type="stmt"/>
        <line num="13" count="0" type="stmt"/>
        <line num="14" count="0" type="stmt"/>
        <line num="17" count="6" type="stmt"/>
      </file>
    </package>
  </project>
</coverage>
