{"C:\\Users\\Daniel\\Desktop\\Api\\API-RESTful-movilidad\\index.js": {"path":"C:\\Users\\Daniel\\Desktop\\Api\\API-RESTful-movilidad\\index.js","statementMap":{"0":{"start":{"line":1,"column":16},"end":{"line":1,"column":34}},"1":{"start":{"line":2,"column":15},"end":{"line":2,"column":32}},"2":{"start":{"line":3,"column":15},"end":{"line":3,"column":32}},"3":{"start":{"line":4,"column":13},"end":{"line":4,"column":28}},"4":{"start":{"line":5,"column":17},"end":{"line":5,"column":37}},"5":{"start":{"line":6,"column":15},"end":{"line":6,"column":32}},"6":{"start":{"line":7,"column":13},"end":{"line":7,"column":28}},"7":{"start":{"line":8,"column":18},"end":{"line":8,"column":47}},"8":{"start":{"line":9,"column":23},"end":{"line":9,"column":54}},"9":{"start":{"line":10,"column":19},"end":{"line":10,"column":47}},"10":{"start":{"line":11,"column":22},"end":{"line":11,"column":53}},"11":{"start":{"line":12,"column":20},"end":{"line":12,"column":49}},"12":{"start":{"line":13,"column":16},"end":{"line":13,"column":61}},"13":{"start":{"line":14,"column":24},"end":{"line":14,"column":84}},"14":{"start":{"line":15,"column":21},"end":{"line":15,"column":61}},"15":{"start":{"line":16,"column":0},"end":{"line":16,"column":16}},"16":{"start":{"line":18,"column":18},"end":{"line":18,"column":54}},"17":{"start":{"line":19,"column":0},"end":{"line":19,"column":48}},"18":{"start":{"line":21,"column":15},"end":{"line":27,"column":2}},"19":{"start":{"line":29,"column":12},"end":{"line":29,"column":21}},"20":{"start":{"line":30,"column":13},"end":{"line":30,"column":37}},"21":{"start":{"line":32,"column":0},"end":{"line":32,"column":24}},"22":{"start":{"line":33,"column":0},"end":{"line":38,"column":2}},"23":{"start":{"line":39,"column":0},"end":{"line":39,"column":56}},"24":{"start":{"line":40,"column":0},"end":{"line":40,"column":30}},"25":{"start":{"line":41,"column":0},"end":{"line":41,"column":23}},"26":{"start":{"line":42,"column":0},"end":{"line":42,"column":48}},"27":{"start":{"line":44,"column":0},"end":{"line":44,"column":29}},"28":{"start":{"line":45,"column":0},"end":{"line":45,"column":35}},"29":{"start":{"line":46,"column":0},"end":{"line":46,"column":35}},"30":{"start":{"line":49,"column":0},"end":{"line":49,"column":88}},"31":{"start":{"line":51,"column":0},"end":{"line":51,"column":31}},"32":{"start":{"line":53,"column":0},"end":{"line":55,"column":3}},"33":{"start":{"line":54,"column":2},"end":{"line":54,"column":48}},"34":{"start":{"line":57,"column":0},"end":{"line":59,"column":2}},"35":{"start":{"line":58,"column":2},"end":{"line":58,"column":60}},"36":{"start":{"line":61,"column":0},"end":{"line":63,"column":2}},"37":{"start":{"line":62,"column":2},"end":{"line":62,"column":64}},"38":{"start":{"line":65,"column":0},"end":{"line":65,"column":22}},"39":{"start":{"line":69,"column":2},"end":{"line":69,"column":33}},"40":{"start":{"line":70,"column":2},"end":{"line":70,"column":40}},"41":{"start":{"line":71,"column":2},"end":{"line":72,"column":60}},"42":{"start":{"line":72,"column":4},"end":{"line":72,"column":60}},"43":{"start":{"line":74,"column":17},"end":{"line":76,"column":4}},"44":{"start":{"line":75,"column":4},"end":{"line":75,"column":60}},"45":{"start":{"line":77,"column":2},"end":{"line":77,"column":16}},"46":{"start":{"line":79,"column":0},"end":{"line":86,"column":1}},"47":{"start":{"line":80,"column":2},"end":{"line":84,"column":3}},"48":{"start":{"line":81,"column":2},"end":{"line":81,"column":40}},"49":{"start":{"line":82,"column":2},"end":{"line":82,"column":19}},"50":{"start":{"line":91,"column":0},"end":{"line":91,"column":23}}},"fnMap":{"0":{"name":"(anonymous_0)","decl":{"start":{"line":53,"column":13},"end":{"line":53,"column":14}},"loc":{"start":{"line":53,"column":28},"end":{"line":55,"column":1}},"line":53},"1":{"name":"(anonymous_1)","decl":{"start":{"line":57,"column":18},"end":{"line":57,"column":19}},"loc":{"start":{"line":58,"column":2},"end":{"line":58,"column":60}},"line":58},"2":{"name":"(anonymous_2)","decl":{"start":{"line":61,"column":22},"end":{"line":61,"column":23}},"loc":{"start":{"line":62,"column":2},"end":{"line":62,"column":64}},"line":62},"3":{"name":"start","decl":{"start":{"line":68,"column":15},"end":{"line":68,"column":20}},"loc":{"start":{"line":68,"column":23},"end":{"line":78,"column":1}},"line":68},"4":{"name":"(anonymous_4)","decl":{"start":{"line":74,"column":34},"end":{"line":74,"column":35}},"loc":{"start":{"line":74,"column":40},"end":{"line":76,"column":3}},"line":74},"5":{"name":"(anonymous_5)","decl":{"start":{"line":80,"column":16},"end":{"line":80,"column":17}},"loc":{"start":{"line":80,"column":23},"end":{"line":84,"column":1}},"line":80}},"branchMap":{"0":{"loc":{"start":{"line":22,"column":9},"end":{"line":22,"column":40}},"type":"binary-expr","locations":[{"start":{"line":22,"column":9},"end":{"line":22,"column":30}},{"start":{"line":22,"column":34},"end":{"line":22,"column":40}}],"line":22},"1":{"loc":{"start":{"line":24,"column":4},"end":{"line":26,"column":17}},"type":"cond-expr","locations":[{"start":{"line":25,"column":8},"end":{"line":25,"column":62}},{"start":{"line":26,"column":8},"end":{"line":26,"column":17}}],"line":24},"2":{"loc":{"start":{"line":30,"column":13},"end":{"line":30,"column":37}},"type":"binary-expr","locations":[{"start":{"line":30,"column":13},"end":{"line":30,"column":29}},{"start":{"line":30,"column":33},"end":{"line":30,"column":37}}],"line":30},"3":{"loc":{"start":{"line":71,"column":2},"end":{"line":72,"column":60}},"type":"if","locations":[{"start":{"line":71,"column":2},"end":{"line":72,"column":60}},{"start":{},"end":{}}],"line":71},"4":{"loc":{"start":{"line":79,"column":0},"end":{"line":86,"column":1}},"type":"if","locations":[{"start":{"line":79,"column":0},"end":{"line":86,"column":1}},{"start":{},"end":{}}],"line":79},"5":{"loc":{"start":{"line":79,"column":4},"end":{"line":79,"column":62}},"type":"binary-expr","locations":[{"start":{"line":79,"column":4},"end":{"line":79,"column":27}},{"start":{"line":79,"column":31},"end":{"line":79,"column":62}}],"line":79}},"s":{"0":6,"1":6,"2":6,"3":6,"4":6,"5":6,"6":6,"7":6,"8":6,"9":6,"10":6,"11":6,"12":6,"13":6,"14":6,"15":6,"16":6,"17":6,"18":6,"19":6,"20":6,"21":6,"22":6,"23":6,"24":6,"25":6,"26":6,"27":6,"28":6,"29":6,"30":6,"31":6,"32":6,"33":0,"34":6,"35":0,"36":6,"37":0,"38":6,"39":11,"40":11,"41":10,"42":0,"43":10,"44":10,"45":10,"46":6,"47":0,"48":0,"49":0,"50":6},"f":{"0":0,"1":0,"2":0,"3":11,"4":10,"5":0},"b":{"0":[6,6],"1":[6,0],"2":[6,6],"3":[0,10],"4":[0,6],"5":[6,0]},"_coverageSchema":"1a1c01bbd47fc00a2c39e90264f33305004495a9","hash":"69684e46653ea6b6c4412c2d7dff3e05f00bcd94"}
,"C:\\Users\\Daniel\\Desktop\\Api\\API-RESTful-movilidad\\src\\config\\Authdatabase.js": {"path":"C:\\Users\\Daniel\\Desktop\\Api\\API-RESTful-movilidad\\src\\config\\Authdatabase.js","statementMap":{"0":{"start":{"line":1,"column":22},"end":{"line":1,"column":42}},"1":{"start":{"line":2,"column":13},"end":{"line":2,"column":28}},"2":{"start":{"line":4,"column":18},"end":{"line":8,"column":2}},"3":{"start":{"line":10,"column":0},"end":{"line":10,"column":27}}},"fnMap":{},"branchMap":{},"s":{"0":6,"1":6,"2":6,"3":6},"f":{},"b":{},"_coverageSchema":"1a1c01bbd47fc00a2c39e90264f33305004495a9","hash":"b676ceecca202074d7c06f7c69629256e585ae6b"}
,"C:\\Users\\Daniel\\Desktop\\Api\\API-RESTful-movilidad\\src\\controller\\authController.js": {"path":"C:\\Users\\Daniel\\Desktop\\Api\\API-RESTful-movilidad\\src\\controller\\authController.js","statementMap":{"0":{"start":{"line":1,"column":27},"end":{"line":1,"column":55}},"1":{"start":{"line":2,"column":20},"end":{"line":2,"column":53}},"2":{"start":{"line":3,"column":12},"end":{"line":3,"column":35}},"3":{"start":{"line":4,"column":22},"end":{"line":4,"column":57}},"4":{"start":{"line":6,"column":0},"end":{"line":42,"column":2}},"5":{"start":{"line":7,"column":30},"end":{"line":7,"column":38}},"6":{"start":{"line":9,"column":15},"end":{"line":9,"column":54}},"7":{"start":{"line":12,"column":22},"end":{"line":12,"column":27}},"8":{"start":{"line":13,"column":2},"end":{"line":17,"column":3}},"9":{"start":{"line":14,"column":4},"end":{"line":14,"column":55}},"10":{"start":{"line":16,"column":4},"end":{"line":16,"column":47}},"11":{"start":{"line":19,"column":2},"end":{"line":21,"column":3}},"12":{"start":{"line":20,"column":4},"end":{"line":20,"column":69}},"13":{"start":{"line":23,"column":16},"end":{"line":27,"column":3}},"14":{"start":{"line":30,"column":2},"end":{"line":32,"column":3}},"15":{"start":{"line":31,"column":4},"end":{"line":31,"column":75}},"16":{"start":{"line":34,"column":2},"end":{"line":41,"column":5}},"17":{"start":{"line":44,"column":0},"end":{"line":53,"column":2}},"18":{"start":{"line":45,"column":16},"end":{"line":45,"column":48}},"19":{"start":{"line":46,"column":39},"end":{"line":46,"column":47}},"20":{"start":{"line":47,"column":15},"end":{"line":47,"column":79}},"21":{"start":{"line":49,"column":2},"end":{"line":52,"column":5}}},"fnMap":{"0":{"name":"(anonymous_0)","decl":{"start":{"line":6,"column":20},"end":{"line":6,"column":21}},"loc":{"start":{"line":6,"column":46},"end":{"line":42,"column":1}},"line":6},"1":{"name":"(anonymous_1)","decl":{"start":{"line":44,"column":21},"end":{"line":44,"column":22}},"loc":{"start":{"line":44,"column":47},"end":{"line":53,"column":1}},"line":44}},"branchMap":{"0":{"loc":{"start":{"line":13,"column":2},"end":{"line":17,"column":3}},"type":"if","locations":[{"start":{"line":13,"column":2},"end":{"line":17,"column":3}},{"start":{"line":15,"column":9},"end":{"line":17,"column":3}}],"line":13},"1":{"loc":{"start":{"line":19,"column":2},"end":{"line":21,"column":3}},"type":"if","locations":[{"start":{"line":19,"column":2},"end":{"line":21,"column":3}},{"start":{},"end":{}}],"line":19},"2":{"loc":{"start":{"line":30,"column":2},"end":{"line":32,"column":3}},"type":"if","locations":[{"start":{"line":30,"column":2},"end":{"line":32,"column":3}},{"start":{},"end":{}}],"line":30},"3":{"loc":{"start":{"line":45,"column":16},"end":{"line":45,"column":48}},"type":"binary-expr","locations":[{"start":{"line":45,"column":16},"end":{"line":45,"column":30}},{"start":{"line":45,"column":34},"end":{"line":45,"column":48}}],"line":45}},"s":{"0":6,"1":6,"2":6,"3":6,"4":6,"5":0,"6":0,"7":0,"8":0,"9":0,"10":0,"11":0,"12":0,"13":0,"14":0,"15":0,"16":0,"17":6,"18":0,"19":0,"20":0,"21":0},"f":{"0":0,"1":0},"b":{"0":[0,0],"1":[0,0],"2":[0,0],"3":[0,0]},"_coverageSchema":"1a1c01bbd47fc00a2c39e90264f33305004495a9","hash":"531c1594c77323ae34154c1e7e41816232289a81"}
,"C:\\Users\\Daniel\\Desktop\\Api\\API-RESTful-movilidad\\src\\controller\\historyController.js": {"path":"C:\\Users\\Daniel\\Desktop\\Api\\API-RESTful-movilidad\\src\\controller\\historyController.js","statementMap":{"0":{"start":{"line":1,"column":29},"end":{"line":1,"column":57}},"1":{"start":{"line":2,"column":23},"end":{"line":2,"column":59}},"2":{"start":{"line":5,"column":0},"end":{"line":24,"column":2}},"3":{"start":{"line":6,"column":17},"end":{"line":6,"column":48}},"4":{"start":{"line":8,"column":2},"end":{"line":10,"column":3}},"5":{"start":{"line":9,"column":4},"end":{"line":9,"column":62}},"6":{"start":{"line":12,"column":18},"end":{"line":12,"column":63}},"7":{"start":{"line":14,"column":2},"end":{"line":18,"column":3}},"8":{"start":{"line":15,"column":4},"end":{"line":17,"column":7}},"9":{"start":{"line":20,"column":2},"end":{"line":23,"column":5}},"10":{"start":{"line":28,"column":0},"end":{"line":46,"column":2}},"11":{"start":{"line":30,"column":17},"end":{"line":30,"column":38}},"12":{"start":{"line":31,"column":2},"end":{"line":32,"column":60}},"13":{"start":{"line":32,"column":4},"end":{"line":32,"column":60}},"14":{"start":{"line":34,"column":17},"end":{"line":34,"column":48}},"15":{"start":{"line":36,"column":2},"end":{"line":38,"column":3}},"16":{"start":{"line":37,"column":4},"end":{"line":37,"column":62}},"17":{"start":{"line":40,"column":16},"end":{"line":40,"column":68}},"18":{"start":{"line":42,"column":2},"end":{"line":45,"column":5}},"19":{"start":{"line":50,"column":0},"end":{"line":72,"column":2}},"20":{"start":{"line":51,"column":17},"end":{"line":51,"column":48}},"21":{"start":{"line":52,"column":13},"end":{"line":52,"column":40}},"22":{"start":{"line":54,"column":2},"end":{"line":56,"column":3}},"23":{"start":{"line":55,"column":4},"end":{"line":55,"column":62}},"24":{"start":{"line":57,"column":2},"end":{"line":59,"column":3}},"25":{"start":{"line":58,"column":4},"end":{"line":58,"column":58}},"26":{"start":{"line":61,"column":18},"end":{"line":61,"column":64}},"27":{"start":{"line":63,"column":2},"end":{"line":67,"column":3}},"28":{"start":{"line":64,"column":4},"end":{"line":66,"column":7}},"29":{"start":{"line":69,"column":2},"end":{"line":71,"column":5}},"30":{"start":{"line":76,"column":0},"end":{"line":104,"column":2}},"31":{"start":{"line":78,"column":17},"end":{"line":78,"column":38}},"32":{"start":{"line":79,"column":2},"end":{"line":80,"column":60}},"33":{"start":{"line":80,"column":4},"end":{"line":80,"column":60}},"34":{"start":{"line":82,"column":17},"end":{"line":82,"column":48}},"35":{"start":{"line":83,"column":13},"end":{"line":83,"column":40}},"36":{"start":{"line":85,"column":2},"end":{"line":87,"column":3}},"37":{"start":{"line":86,"column":4},"end":{"line":86,"column":62}},"38":{"start":{"line":88,"column":2},"end":{"line":90,"column":3}},"39":{"start":{"line":89,"column":4},"end":{"line":89,"column":58}},"40":{"start":{"line":92,"column":18},"end":{"line":92,"column":74}},"41":{"start":{"line":94,"column":2},"end":{"line":98,"column":3}},"42":{"start":{"line":95,"column":4},"end":{"line":97,"column":7}},"43":{"start":{"line":100,"column":2},"end":{"line":103,"column":5}}},"fnMap":{"0":{"name":"(anonymous_0)","decl":{"start":{"line":5,"column":25},"end":{"line":5,"column":26}},"loc":{"start":{"line":5,"column":51},"end":{"line":24,"column":1}},"line":5},"1":{"name":"(anonymous_1)","decl":{"start":{"line":28,"column":29},"end":{"line":28,"column":30}},"loc":{"start":{"line":28,"column":55},"end":{"line":46,"column":1}},"line":28},"2":{"name":"(anonymous_2)","decl":{"start":{"line":50,"column":29},"end":{"line":50,"column":30}},"loc":{"start":{"line":50,"column":55},"end":{"line":72,"column":1}},"line":50},"3":{"name":"(anonymous_3)","decl":{"start":{"line":76,"column":29},"end":{"line":76,"column":30}},"loc":{"start":{"line":76,"column":55},"end":{"line":104,"column":1}},"line":76}},"branchMap":{"0":{"loc":{"start":{"line":8,"column":2},"end":{"line":10,"column":3}},"type":"if","locations":[{"start":{"line":8,"column":2},"end":{"line":10,"column":3}},{"start":{},"end":{}}],"line":8},"1":{"loc":{"start":{"line":8,"column":6},"end":{"line":8,"column":46}},"type":"binary-expr","locations":[{"start":{"line":8,"column":6},"end":{"line":8,"column":31}},{"start":{"line":8,"column":35},"end":{"line":8,"column":46}}],"line":8},"2":{"loc":{"start":{"line":14,"column":2},"end":{"line":18,"column":3}},"type":"if","locations":[{"start":{"line":14,"column":2},"end":{"line":18,"column":3}},{"start":{},"end":{}}],"line":14},"3":{"loc":{"start":{"line":31,"column":2},"end":{"line":32,"column":60}},"type":"if","locations":[{"start":{"line":31,"column":2},"end":{"line":32,"column":60}},{"start":{},"end":{}}],"line":31},"4":{"loc":{"start":{"line":36,"column":2},"end":{"line":38,"column":3}},"type":"if","locations":[{"start":{"line":36,"column":2},"end":{"line":38,"column":3}},{"start":{},"end":{}}],"line":36},"5":{"loc":{"start":{"line":36,"column":6},"end":{"line":36,"column":46}},"type":"binary-expr","locations":[{"start":{"line":36,"column":6},"end":{"line":36,"column":31}},{"start":{"line":36,"column":35},"end":{"line":36,"column":46}}],"line":36},"6":{"loc":{"start":{"line":54,"column":2},"end":{"line":56,"column":3}},"type":"if","locations":[{"start":{"line":54,"column":2},"end":{"line":56,"column":3}},{"start":{},"end":{}}],"line":54},"7":{"loc":{"start":{"line":54,"column":6},"end":{"line":54,"column":46}},"type":"binary-expr","locations":[{"start":{"line":54,"column":6},"end":{"line":54,"column":31}},{"start":{"line":54,"column":35},"end":{"line":54,"column":46}}],"line":54},"8":{"loc":{"start":{"line":57,"column":2},"end":{"line":59,"column":3}},"type":"if","locations":[{"start":{"line":57,"column":2},"end":{"line":59,"column":3}},{"start":{},"end":{}}],"line":57},"9":{"loc":{"start":{"line":57,"column":6},"end":{"line":57,"column":38}},"type":"binary-expr","locations":[{"start":{"line":57,"column":6},"end":{"line":57,"column":27}},{"start":{"line":57,"column":31},"end":{"line":57,"column":38}}],"line":57},"10":{"loc":{"start":{"line":63,"column":2},"end":{"line":67,"column":3}},"type":"if","locations":[{"start":{"line":63,"column":2},"end":{"line":67,"column":3}},{"start":{},"end":{}}],"line":63},"11":{"loc":{"start":{"line":79,"column":2},"end":{"line":80,"column":60}},"type":"if","locations":[{"start":{"line":79,"column":2},"end":{"line":80,"column":60}},{"start":{},"end":{}}],"line":79},"12":{"loc":{"start":{"line":85,"column":2},"end":{"line":87,"column":3}},"type":"if","locations":[{"start":{"line":85,"column":2},"end":{"line":87,"column":3}},{"start":{},"end":{}}],"line":85},"13":{"loc":{"start":{"line":85,"column":6},"end":{"line":85,"column":46}},"type":"binary-expr","locations":[{"start":{"line":85,"column":6},"end":{"line":85,"column":31}},{"start":{"line":85,"column":35},"end":{"line":85,"column":46}}],"line":85},"14":{"loc":{"start":{"line":88,"column":2},"end":{"line":90,"column":3}},"type":"if","locations":[{"start":{"line":88,"column":2},"end":{"line":90,"column":3}},{"start":{},"end":{}}],"line":88},"15":{"loc":{"start":{"line":88,"column":6},"end":{"line":88,"column":38}},"type":"binary-expr","locations":[{"start":{"line":88,"column":6},"end":{"line":88,"column":27}},{"start":{"line":88,"column":31},"end":{"line":88,"column":38}}],"line":88},"16":{"loc":{"start":{"line":94,"column":2},"end":{"line":98,"column":3}},"type":"if","locations":[{"start":{"line":94,"column":2},"end":{"line":98,"column":3}},{"start":{},"end":{}}],"line":94}},"s":{"0":6,"1":6,"2":6,"3":0,"4":0,"5":0,"6":0,"7":0,"8":0,"9":0,"10":6,"11":0,"12":0,"13":0,"14":0,"15":0,"16":0,"17":0,"18":0,"19":6,"20":0,"21":0,"22":0,"23":0,"24":0,"25":0,"26":0,"27":0,"28":0,"29":0,"30":6,"31":0,"32":0,"33":0,"34":0,"35":0,"36":0,"37":0,"38":0,"39":0,"40":0,"41":0,"42":0,"43":0},"f":{"0":0,"1":0,"2":0,"3":0},"b":{"0":[0,0],"1":[0,0],"2":[0,0],"3":[0,0],"4":[0,0],"5":[0,0],"6":[0,0],"7":[0,0],"8":[0,0],"9":[0,0],"10":[0,0],"11":[0,0],"12":[0,0],"13":[0,0],"14":[0,0],"15":[0,0],"16":[0,0]},"_coverageSchema":"1a1c01bbd47fc00a2c39e90264f33305004495a9","hash":"5e6c92a33747d88f5cafc65d327808a57a643fb8"}
,"C:\\Users\\Daniel\\Desktop\\Api\\API-RESTful-movilidad\\src\\controller\\journeyController.js": {"path":"C:\\Users\\Daniel\\Desktop\\Api\\API-RESTful-movilidad\\src\\controller\\journeyController.js","statementMap":{"0":{"start":{"line":1,"column":26},"end":{"line":1,"column":65}},"1":{"start":{"line":2,"column":30},"end":{"line":2,"column":73}},"2":{"start":{"line":3,"column":32},"end":{"line":3,"column":76}},"3":{"start":{"line":4,"column":15},"end":{"line":4,"column":37}},"4":{"start":{"line":6,"column":0},"end":{"line":16,"column":1}},"5":{"start":{"line":7,"column":28},"end":{"line":10,"column":9}},"6":{"start":{"line":11,"column":31},"end":{"line":11,"column":81}},"7":{"start":{"line":12,"column":8},"end":{"line":15,"column":11}},"8":{"start":{"line":17,"column":0},"end":{"line":23,"column":1}},"9":{"start":{"line":18,"column":25},"end":{"line":18,"column":79}},"10":{"start":{"line":19,"column":8},"end":{"line":22,"column":11}},"11":{"start":{"line":25,"column":0},"end":{"line":33,"column":2}},"12":{"start":{"line":27,"column":19},"end":{"line":27,"column":29}},"13":{"start":{"line":28,"column":20},"end":{"line":28,"column":63}},"14":{"start":{"line":29,"column":4},"end":{"line":32,"column":7}}},"fnMap":{"0":{"name":"(anonymous_0)","decl":{"start":{"line":6,"column":24},"end":{"line":6,"column":25}},"loc":{"start":{"line":6,"column":44},"end":{"line":16,"column":1}},"line":6},"1":{"name":"(anonymous_1)","decl":{"start":{"line":17,"column":25},"end":{"line":17,"column":26}},"loc":{"start":{"line":17,"column":45},"end":{"line":23,"column":1}},"line":17},"2":{"name":"(anonymous_2)","decl":{"start":{"line":25,"column":25},"end":{"line":25,"column":26}},"loc":{"start":{"line":25,"column":45},"end":{"line":33,"column":1}},"line":25}},"branchMap":{},"s":{"0":6,"1":6,"2":6,"3":6,"4":6,"5":0,"6":0,"7":0,"8":6,"9":0,"10":0,"11":6,"12":0,"13":0,"14":0},"f":{"0":0,"1":0,"2":0},"b":{},"_coverageSchema":"1a1c01bbd47fc00a2c39e90264f33305004495a9","hash":"d7bd6bcc17a4a3bdbfc8ada7068018b9bae4a6d7"}
,"C:\\Users\\Daniel\\Desktop\\Api\\API-RESTful-movilidad\\src\\controller\\userController.js": {"path":"C:\\Users\\Daniel\\Desktop\\Api\\API-RESTful-movilidad\\src\\controller\\userController.js","statementMap":{"0":{"start":{"line":1,"column":14},"end":{"line":4,"column":1}},"1":{"start":{"line":7,"column":0},"end":{"line":9,"column":2}},"2":{"start":{"line":8,"column":2},"end":{"line":8,"column":25}},"3":{"start":{"line":12,"column":0},"end":{"line":17,"column":2}},"4":{"start":{"line":13,"column":17},"end":{"line":13,"column":27}},"5":{"start":{"line":14,"column":15},"end":{"line":14,"column":51}},"6":{"start":{"line":14,"column":31},"end":{"line":14,"column":50}},"7":{"start":{"line":15,"column":2},"end":{"line":15,"column":91}},"8":{"start":{"line":15,"column":13},"end":{"line":15,"column":91}},"9":{"start":{"line":16,"column":2},"end":{"line":16,"column":24}},"10":{"start":{"line":20,"column":0},"end":{"line":29,"column":2}},"11":{"start":{"line":21,"column":17},"end":{"line":21,"column":27}},"12":{"start":{"line":22,"column":15},"end":{"line":22,"column":23}},"13":{"start":{"line":24,"column":15},"end":{"line":24,"column":51}},"14":{"start":{"line":24,"column":31},"end":{"line":24,"column":50}},"15":{"start":{"line":25,"column":2},"end":{"line":25,"column":91}},"16":{"start":{"line":25,"column":13},"end":{"line":25,"column":91}},"17":{"start":{"line":27,"column":2},"end":{"line":27,"column":28}},"18":{"start":{"line":28,"column":2},"end":{"line":28,"column":78}},"19":{"start":{"line":32,"column":0},"end":{"line":39,"column":2}},"20":{"start":{"line":33,"column":17},"end":{"line":33,"column":27}},"21":{"start":{"line":34,"column":16},"end":{"line":34,"column":57}},"22":{"start":{"line":34,"column":37},"end":{"line":34,"column":56}},"23":{"start":{"line":35,"column":2},"end":{"line":35,"column":98}},"24":{"start":{"line":35,"column":20},"end":{"line":35,"column":98}},"25":{"start":{"line":37,"column":2},"end":{"line":37,"column":25}},"26":{"start":{"line":38,"column":2},"end":{"line":38,"column":78}},"27":{"start":{"line":42,"column":0},"end":{"line":50,"column":2}},"28":{"start":{"line":43,"column":17},"end":{"line":43,"column":27}},"29":{"start":{"line":44,"column":43},"end":{"line":44,"column":51}},"30":{"start":{"line":46,"column":15},"end":{"line":46,"column":51}},"31":{"start":{"line":46,"column":31},"end":{"line":46,"column":50}},"32":{"start":{"line":47,"column":2},"end":{"line":47,"column":91}},"33":{"start":{"line":47,"column":13},"end":{"line":47,"column":91}},"34":{"start":{"line":49,"column":2},"end":{"line":49,"column":83}},"35":{"start":{"line":53,"column":0},"end":{"line":62,"column":2}},"36":{"start":{"line":54,"column":17},"end":{"line":54,"column":27}},"37":{"start":{"line":55,"column":19},"end":{"line":55,"column":27}},"38":{"start":{"line":57,"column":15},"end":{"line":57,"column":51}},"39":{"start":{"line":57,"column":31},"end":{"line":57,"column":50}},"40":{"start":{"line":58,"column":2},"end":{"line":58,"column":91}},"41":{"start":{"line":58,"column":13},"end":{"line":58,"column":91}},"42":{"start":{"line":60,"column":2},"end":{"line":60,"column":19}},"43":{"start":{"line":61,"column":2},"end":{"line":61,"column":88}}},"fnMap":{"0":{"name":"(anonymous_0)","decl":{"start":{"line":7,"column":22},"end":{"line":7,"column":23}},"loc":{"start":{"line":7,"column":42},"end":{"line":9,"column":1}},"line":7},"1":{"name":"(anonymous_1)","decl":{"start":{"line":12,"column":22},"end":{"line":12,"column":23}},"loc":{"start":{"line":12,"column":42},"end":{"line":17,"column":1}},"line":12},"2":{"name":"(anonymous_2)","decl":{"start":{"line":14,"column":26},"end":{"line":14,"column":27}},"loc":{"start":{"line":14,"column":31},"end":{"line":14,"column":50}},"line":14},"3":{"name":"(anonymous_3)","decl":{"start":{"line":20,"column":21},"end":{"line":20,"column":22}},"loc":{"start":{"line":20,"column":41},"end":{"line":29,"column":1}},"line":20},"4":{"name":"(anonymous_4)","decl":{"start":{"line":24,"column":26},"end":{"line":24,"column":27}},"loc":{"start":{"line":24,"column":31},"end":{"line":24,"column":50}},"line":24},"5":{"name":"(anonymous_5)","decl":{"start":{"line":32,"column":21},"end":{"line":32,"column":22}},"loc":{"start":{"line":32,"column":41},"end":{"line":39,"column":1}},"line":32},"6":{"name":"(anonymous_6)","decl":{"start":{"line":34,"column":32},"end":{"line":34,"column":33}},"loc":{"start":{"line":34,"column":37},"end":{"line":34,"column":56}},"line":34},"7":{"name":"(anonymous_7)","decl":{"start":{"line":42,"column":25},"end":{"line":42,"column":26}},"loc":{"start":{"line":42,"column":45},"end":{"line":50,"column":1}},"line":42},"8":{"name":"(anonymous_8)","decl":{"start":{"line":46,"column":26},"end":{"line":46,"column":27}},"loc":{"start":{"line":46,"column":31},"end":{"line":46,"column":50}},"line":46},"9":{"name":"(anonymous_9)","decl":{"start":{"line":53,"column":21},"end":{"line":53,"column":22}},"loc":{"start":{"line":53,"column":41},"end":{"line":62,"column":1}},"line":53},"10":{"name":"(anonymous_10)","decl":{"start":{"line":57,"column":26},"end":{"line":57,"column":27}},"loc":{"start":{"line":57,"column":31},"end":{"line":57,"column":50}},"line":57}},"branchMap":{"0":{"loc":{"start":{"line":15,"column":2},"end":{"line":15,"column":91}},"type":"if","locations":[{"start":{"line":15,"column":2},"end":{"line":15,"column":91}},{"start":{},"end":{}}],"line":15},"1":{"loc":{"start":{"line":25,"column":2},"end":{"line":25,"column":91}},"type":"if","locations":[{"start":{"line":25,"column":2},"end":{"line":25,"column":91}},{"start":{},"end":{}}],"line":25},"2":{"loc":{"start":{"line":35,"column":2},"end":{"line":35,"column":98}},"type":"if","locations":[{"start":{"line":35,"column":2},"end":{"line":35,"column":98}},{"start":{},"end":{}}],"line":35},"3":{"loc":{"start":{"line":47,"column":2},"end":{"line":47,"column":91}},"type":"if","locations":[{"start":{"line":47,"column":2},"end":{"line":47,"column":91}},{"start":{},"end":{}}],"line":47},"4":{"loc":{"start":{"line":58,"column":2},"end":{"line":58,"column":91}},"type":"if","locations":[{"start":{"line":58,"column":2},"end":{"line":58,"column":91}},{"start":{},"end":{}}],"line":58}},"s":{"0":6,"1":6,"2":0,"3":6,"4":0,"5":0,"6":0,"7":0,"8":0,"9":0,"10":6,"11":0,"12":0,"13":0,"14":0,"15":0,"16":0,"17":0,"18":0,"19":6,"20":0,"21":0,"22":0,"23":0,"24":0,"25":0,"26":0,"27":6,"28":0,"29":0,"30":0,"31":0,"32":0,"33":0,"34":0,"35":6,"36":0,"37":0,"38":0,"39":0,"40":0,"41":0,"42":0,"43":0},"f":{"0":0,"1":0,"2":0,"3":0,"4":0,"5":0,"6":0,"7":0,"8":0,"9":0,"10":0},"b":{"0":[0,0],"1":[0,0],"2":[0,0],"3":[0,0],"4":[0,0]},"_coverageSchema":"1a1c01bbd47fc00a2c39e90264f33305004495a9","hash":"ded6567acff5e52122f361ce5a0cd2b43de3bf10"}
,"C:\\Users\\Daniel\\Desktop\\Api\\API-RESTful-movilidad\\src\\middleware\\authMiddleware.js": {"path":"C:\\Users\\Daniel\\Desktop\\Api\\API-RESTful-movilidad\\src\\middleware\\authMiddleware.js","statementMap":{"0":{"start":{"line":1,"column":12},"end":{"line":1,"column":35}},"1":{"start":{"line":3,"column":20},"end":{"line":24,"column":1}},"2":{"start":{"line":5,"column":2},"end":{"line":9,"column":3}},"3":{"start":{"line":6,"column":4},"end":{"line":6,"column":57}},"4":{"start":{"line":7,"column":4},"end":{"line":7,"column":19}},"5":{"start":{"line":8,"column":4},"end":{"line":8,"column":18}},"6":{"start":{"line":11,"column":16},"end":{"line":11,"column":44}},"7":{"start":{"line":13,"column":2},"end":{"line":15,"column":3}},"8":{"start":{"line":14,"column":4},"end":{"line":14,"column":69}},"9":{"start":{"line":17,"column":2},"end":{"line":23,"column":3}},"10":{"start":{"line":18,"column":20},"end":{"line":18,"column":75}},"11":{"start":{"line":19,"column":4},"end":{"line":19,"column":32}},"12":{"start":{"line":20,"column":4},"end":{"line":20,"column":11}},"13":{"start":{"line":22,"column":4},"end":{"line":22,"column":61}},"14":{"start":{"line":26,"column":0},"end":{"line":26,"column":29}}},"fnMap":{"0":{"name":"(anonymous_0)","decl":{"start":{"line":3,"column":20},"end":{"line":3,"column":21}},"loc":{"start":{"line":3,"column":40},"end":{"line":24,"column":1}},"line":3}},"branchMap":{"0":{"loc":{"start":{"line":5,"column":2},"end":{"line":9,"column":3}},"type":"if","locations":[{"start":{"line":5,"column":2},"end":{"line":9,"column":3}},{"start":{},"end":{}}],"line":5},"1":{"loc":{"start":{"line":13,"column":2},"end":{"line":15,"column":3}},"type":"if","locations":[{"start":{"line":13,"column":2},"end":{"line":15,"column":3}},{"start":{},"end":{}}],"line":13}},"s":{"0":6,"1":6,"2":0,"3":0,"4":0,"5":0,"6":0,"7":0,"8":0,"9":0,"10":0,"11":0,"12":0,"13":0,"14":6},"f":{"0":0},"b":{"0":[0,0],"1":[0,0]},"_coverageSchema":"1a1c01bbd47fc00a2c39e90264f33305004495a9","hash":"cf175e31bb0035a5528cd4970c7d6e6374217983"}
,"C:\\Users\\Daniel\\Desktop\\Api\\API-RESTful-movilidad\\src\\middleware\\errorHandler.js": {"path":"C:\\Users\\Daniel\\Desktop\\Api\\API-RESTful-movilidad\\src\\middleware\\errorHandler.js","statementMap":{"0":{"start":{"line":1,"column":21},"end":{"line":27,"column":1}},"1":{"start":{"line":2,"column":2},"end":{"line":6,"column":3}},"2":{"start":{"line":3,"column":4},"end":{"line":3,"column":68}},"3":{"start":{"line":5,"column":4},"end":{"line":5,"column":33}},"4":{"start":{"line":9,"column":2},"end":{"line":11,"column":3}},"5":{"start":{"line":10,"column":4},"end":{"line":10,"column":70}},"6":{"start":{"line":13,"column":2},"end":{"line":17,"column":3}},"7":{"start":{"line":14,"column":4},"end":{"line":16,"column":7}},"8":{"start":{"line":20,"column":21},"end":{"line":20,"column":42}},"9":{"start":{"line":21,"column":18},"end":{"line":21,"column":56}},"10":{"start":{"line":23,"column":2},"end":{"line":26,"column":5}},"11":{"start":{"line":29,"column":0},"end":{"line":29,"column":30}}},"fnMap":{"0":{"name":"(anonymous_0)","decl":{"start":{"line":1,"column":21},"end":{"line":1,"column":22}},"loc":{"start":{"line":1,"column":46},"end":{"line":27,"column":1}},"line":1}},"branchMap":{"0":{"loc":{"start":{"line":2,"column":2},"end":{"line":6,"column":3}},"type":"if","locations":[{"start":{"line":2,"column":2},"end":{"line":6,"column":3}},{"start":{"line":4,"column":9},"end":{"line":6,"column":3}}],"line":2},"1":{"loc":{"start":{"line":3,"column":27},"end":{"line":3,"column":66}},"type":"binary-expr","locations":[{"start":{"line":3,"column":27},"end":{"line":3,"column":38}},{"start":{"line":3,"column":42},"end":{"line":3,"column":66}}],"line":3},"2":{"loc":{"start":{"line":9,"column":2},"end":{"line":11,"column":3}},"type":"if","locations":[{"start":{"line":9,"column":2},"end":{"line":11,"column":3}},{"start":{},"end":{}}],"line":9},"3":{"loc":{"start":{"line":13,"column":2},"end":{"line":17,"column":3}},"type":"if","locations":[{"start":{"line":13,"column":2},"end":{"line":17,"column":3}},{"start":{},"end":{}}],"line":13},"4":{"loc":{"start":{"line":15,"column":15},"end":{"line":15,"column":60}},"type":"binary-expr","locations":[{"start":{"line":15,"column":15},"end":{"line":15,"column":39}},{"start":{"line":15,"column":43},"end":{"line":15,"column":60}}],"line":15},"5":{"loc":{"start":{"line":20,"column":21},"end":{"line":20,"column":42}},"type":"binary-expr","locations":[{"start":{"line":20,"column":21},"end":{"line":20,"column":35}},{"start":{"line":20,"column":39},"end":{"line":20,"column":42}}],"line":20},"6":{"loc":{"start":{"line":21,"column":18},"end":{"line":21,"column":56}},"type":"binary-expr","locations":[{"start":{"line":21,"column":18},"end":{"line":21,"column":29}},{"start":{"line":21,"column":33},"end":{"line":21,"column":56}}],"line":21},"7":{"loc":{"start":{"line":25,"column":8},"end":{"line":25,"column":70}},"type":"binary-expr","locations":[{"start":{"line":25,"column":8},"end":{"line":25,"column":46}},{"start":{"line":25,"column":50},"end":{"line":25,"column":70}}],"line":25}},"s":{"0":6,"1":0,"2":0,"3":0,"4":0,"5":0,"6":0,"7":0,"8":0,"9":0,"10":0,"11":6},"f":{"0":0},"b":{"0":[0,0],"1":[0,0],"2":[0,0],"3":[0,0],"4":[0,0],"5":[0,0],"6":[0,0],"7":[0,0]},"_coverageSchema":"1a1c01bbd47fc00a2c39e90264f33305004495a9","hash":"e658d5287b5fbb3380b44fe62ea9a8af37e382aa"}
,"C:\\Users\\Daniel\\Desktop\\Api\\API-RESTful-movilidad\\src\\middleware\\middlewareHistory.js": {"path":"C:\\Users\\Daniel\\Desktop\\Api\\API-RESTful-movilidad\\src\\middleware\\middlewareHistory.js","statementMap":{"0":{"start":{"line":3,"column":4},"end":{"line":26,"column":5}},"1":{"start":{"line":4,"column":8},"end":{"line":4,"column":48}},"2":{"start":{"line":6,"column":28},"end":{"line":6,"column":52}},"3":{"start":{"line":7,"column":25},"end":{"line":7,"column":51}},"4":{"start":{"line":9,"column":8},"end":{"line":12,"column":9}},"5":{"start":{"line":10,"column":12},"end":{"line":10,"column":74}},"6":{"start":{"line":11,"column":12},"end":{"line":11,"column":78}},"7":{"start":{"line":14,"column":8},"end":{"line":16,"column":9}},"8":{"start":{"line":15,"column":12},"end":{"line":15,"column":72}},"9":{"start":{"line":18,"column":8},"end":{"line":20,"column":9}},"10":{"start":{"line":19,"column":12},"end":{"line":19,"column":71}},"11":{"start":{"line":22,"column":8},"end":{"line":22,"column":15}},"12":{"start":{"line":24,"column":8},"end":{"line":24,"column":59}},"13":{"start":{"line":25,"column":8},"end":{"line":25,"column":76}},"14":{"start":{"line":29,"column":0},"end":{"line":29,"column":34}}},"fnMap":{"0":{"name":"apiKeyMiddleware","decl":{"start":{"line":2,"column":9},"end":{"line":2,"column":25}},"loc":{"start":{"line":2,"column":42},"end":{"line":27,"column":1}},"line":2}},"branchMap":{"0":{"loc":{"start":{"line":9,"column":8},"end":{"line":12,"column":9}},"type":"if","locations":[{"start":{"line":9,"column":8},"end":{"line":12,"column":9}},{"start":{},"end":{}}],"line":9},"1":{"loc":{"start":{"line":14,"column":8},"end":{"line":16,"column":9}},"type":"if","locations":[{"start":{"line":14,"column":8},"end":{"line":16,"column":9}},{"start":{},"end":{}}],"line":14},"2":{"loc":{"start":{"line":18,"column":8},"end":{"line":20,"column":9}},"type":"if","locations":[{"start":{"line":18,"column":8},"end":{"line":20,"column":9}},{"start":{},"end":{}}],"line":18}},"s":{"0":0,"1":0,"2":0,"3":0,"4":0,"5":0,"6":0,"7":0,"8":0,"9":0,"10":0,"11":0,"12":0,"13":0,"14":6},"f":{"0":0},"b":{"0":[0,0],"1":[0,0],"2":[0,0]},"_coverageSchema":"1a1c01bbd47fc00a2c39e90264f33305004495a9","hash":"e273702e9fd262aa1236f246bb095927ff25a908"}
,"C:\\Users\\Daniel\\Desktop\\Api\\API-RESTful-movilidad\\src\\middleware\\rateLimit.js": {"path":"C:\\Users\\Daniel\\Desktop\\Api\\API-RESTful-movilidad\\src\\middleware\\rateLimit.js","statementMap":{"0":{"start":{"line":1,"column":18},"end":{"line":1,"column":47}},"1":{"start":{"line":3,"column":21},"end":{"line":9,"column":2}},"2":{"start":{"line":11,"column":0},"end":{"line":11,"column":34}}},"fnMap":{},"branchMap":{},"s":{"0":6,"1":6,"2":6},"f":{},"b":{},"_coverageSchema":"1a1c01bbd47fc00a2c39e90264f33305004495a9","hash":"228b265b14ffbaf2ac7915649cea5fa8afba4105"}
,"C:\\Users\\Daniel\\Desktop\\Api\\API-RESTful-movilidad\\src\\middleware\\validate.js": {"path":"C:\\Users\\Daniel\\Desktop\\Api\\API-RESTful-movilidad\\src\\middleware\\validate.js","statementMap":{"0":{"start":{"line":1,"column":29},"end":{"line":1,"column":57}},"1":{"start":{"line":3,"column":17},"end":{"line":9,"column":1}},"2":{"start":{"line":4,"column":17},"end":{"line":4,"column":38}},"3":{"start":{"line":5,"column":2},"end":{"line":7,"column":3}},"4":{"start":{"line":6,"column":4},"end":{"line":6,"column":60}},"5":{"start":{"line":8,"column":2},"end":{"line":8,"column":9}},"6":{"start":{"line":11,"column":0},"end":{"line":11,"column":26}}},"fnMap":{"0":{"name":"(anonymous_0)","decl":{"start":{"line":3,"column":17},"end":{"line":3,"column":18}},"loc":{"start":{"line":3,"column":37},"end":{"line":9,"column":1}},"line":3}},"branchMap":{"0":{"loc":{"start":{"line":5,"column":2},"end":{"line":7,"column":3}},"type":"if","locations":[{"start":{"line":5,"column":2},"end":{"line":7,"column":3}},{"start":{},"end":{}}],"line":5}},"s":{"0":6,"1":6,"2":0,"3":0,"4":0,"5":0,"6":6},"f":{"0":0},"b":{"0":[0,0]},"_coverageSchema":"1a1c01bbd47fc00a2c39e90264f33305004495a9","hash":"31143293ab0dc28305dc6cdbe83826ede982cbc7"}
,"C:\\Users\\Daniel\\Desktop\\Api\\API-RESTful-movilidad\\src\\models\\Modelauth.js": {"path":"C:\\Users\\Daniel\\Desktop\\Api\\API-RESTful-movilidad\\src\\models\\Modelauth.js","statementMap":{"0":{"start":{"line":1,"column":22},"end":{"line":1,"column":42}},"1":{"start":{"line":2,"column":18},"end":{"line":2,"column":51}},"2":{"start":{"line":3,"column":42},"end":{"line":3,"column":70}},"3":{"start":{"line":5,"column":13},"end":{"line":54,"column":1}},"4":{"start":{"line":43,"column":8},"end":{"line":45,"column":9}},"5":{"start":{"line":44,"column":10},"end":{"line":44,"column":76}},"6":{"start":{"line":48,"column":8},"end":{"line":50,"column":9}},"7":{"start":{"line":49,"column":10},"end":{"line":49,"column":76}},"8":{"start":{"line":56,"column":0},"end":{"line":58,"column":2}},"9":{"start":{"line":57,"column":2},"end":{"line":57,"column":61}},"10":{"start":{"line":60,"column":0},"end":{"line":60,"column":22}}},"fnMap":{"0":{"name":"(anonymous_0)","decl":{"start":{"line":42,"column":6},"end":{"line":42,"column":7}},"loc":{"start":{"line":42,"column":39},"end":{"line":46,"column":7}},"line":42},"1":{"name":"(anonymous_1)","decl":{"start":{"line":47,"column":6},"end":{"line":47,"column":7}},"loc":{"start":{"line":47,"column":39},"end":{"line":51,"column":7}},"line":47},"2":{"name":"(anonymous_2)","decl":{"start":{"line":56,"column":31},"end":{"line":56,"column":32}},"loc":{"start":{"line":56,"column":62},"end":{"line":58,"column":1}},"line":56}},"branchMap":{"0":{"loc":{"start":{"line":43,"column":8},"end":{"line":45,"column":9}},"type":"if","locations":[{"start":{"line":43,"column":8},"end":{"line":45,"column":9}},{"start":{},"end":{}}],"line":43},"1":{"loc":{"start":{"line":48,"column":8},"end":{"line":50,"column":9}},"type":"if","locations":[{"start":{"line":48,"column":8},"end":{"line":50,"column":9}},{"start":{},"end":{}}],"line":48}},"s":{"0":6,"1":6,"2":6,"3":6,"4":0,"5":0,"6":0,"7":0,"8":6,"9":0,"10":6},"f":{"0":0,"1":0,"2":0},"b":{"0":[0,0],"1":[0,0]},"_coverageSchema":"1a1c01bbd47fc00a2c39e90264f33305004495a9","hash":"26a5c555b95a7c4488d406aa9c1eff80f755d1f1"}
,"C:\\Users\\Daniel\\Desktop\\Api\\API-RESTful-movilidad\\src\\models\\Modelhistory.js": {"path":"C:\\Users\\Daniel\\Desktop\\Api\\API-RESTful-movilidad\\src\\models\\Modelhistory.js","statementMap":{"0":{"start":{"line":1,"column":22},"end":{"line":1,"column":42}},"1":{"start":{"line":3,"column":0},"end":{"line":41,"column":2}},"2":{"start":{"line":4,"column":23},"end":{"line":38,"column":3}},"3":{"start":{"line":40,"column":2},"end":{"line":40,"column":22}}},"fnMap":{"0":{"name":"(anonymous_0)","decl":{"start":{"line":3,"column":17},"end":{"line":3,"column":18}},"loc":{"start":{"line":3,"column":32},"end":{"line":41,"column":1}},"line":3}},"branchMap":{},"s":{"0":6,"1":6,"2":12,"3":12},"f":{"0":12},"b":{},"_coverageSchema":"1a1c01bbd47fc00a2c39e90264f33305004495a9","hash":"99eec5170f47f0e48596a70be97ae1e52c214eb6"}
,"C:\\Users\\Daniel\\Desktop\\Api\\API-RESTful-movilidad\\src\\models\\Modeljourney.js": {"path":"C:\\Users\\Daniel\\Desktop\\Api\\API-RESTful-movilidad\\src\\models\\Modeljourney.js","statementMap":{"0":{"start":{"line":1,"column":20},"end":{"line":1,"column":40}},"1":{"start":{"line":2,"column":18},"end":{"line":2,"column":51}},"2":{"start":{"line":4,"column":21},"end":{"line":20,"column":1}},"3":{"start":{"line":22,"column":0},"end":{"line":22,"column":30}}},"fnMap":{},"branchMap":{},"s":{"0":6,"1":6,"2":6,"3":6},"f":{},"b":{},"_coverageSchema":"1a1c01bbd47fc00a2c39e90264f33305004495a9","hash":"566528bb3d93634ef3d39b96c1e7fed075696ab3"}
,"C:\\Users\\Daniel\\Desktop\\Api\\API-RESTful-movilidad\\src\\routes\\auth.js": {"path":"C:\\Users\\Daniel\\Desktop\\Api\\API-RESTful-movilidad\\src\\routes\\auth.js","statementMap":{"0":{"start":{"line":1,"column":16},"end":{"line":1,"column":34}},"1":{"start":{"line":2,"column":15},"end":{"line":2,"column":31}},"2":{"start":{"line":3,"column":23},"end":{"line":3,"column":62}},"3":{"start":{"line":4,"column":17},"end":{"line":4,"column":45}},"4":{"start":{"line":5,"column":25},"end":{"line":5,"column":59}},"5":{"start":{"line":6,"column":17},"end":{"line":6,"column":50}},"6":{"start":{"line":7,"column":19},"end":{"line":20,"column":1}},"7":{"start":{"line":22,"column":20},"end":{"line":56,"column":1}},"8":{"start":{"line":51,"column":4},"end":{"line":53,"column":5}},"9":{"start":{"line":52,"column":6},"end":{"line":52,"column":51}},"10":{"start":{"line":54,"column":4},"end":{"line":54,"column":16}},"11":{"start":{"line":58,"column":0},"end":{"line":58,"column":75}},"12":{"start":{"line":59,"column":0},"end":{"line":59,"column":69}},"13":{"start":{"line":60,"column":0},"end":{"line":60,"column":24}}},"fnMap":{"0":{"name":"(anonymous_0)","decl":{"start":{"line":50,"column":16},"end":{"line":50,"column":17}},"loc":{"start":{"line":50,"column":36},"end":{"line":55,"column":3}},"line":50}},"branchMap":{"0":{"loc":{"start":{"line":51,"column":4},"end":{"line":53,"column":5}},"type":"if","locations":[{"start":{"line":51,"column":4},"end":{"line":53,"column":5}},{"start":{},"end":{}}],"line":51},"1":{"loc":{"start":{"line":51,"column":8},"end":{"line":51,"column":42}},"type":"binary-expr","locations":[{"start":{"line":51,"column":8},"end":{"line":51,"column":23}},{"start":{"line":51,"column":27},"end":{"line":51,"column":42}}],"line":51}},"s":{"0":6,"1":6,"2":6,"3":6,"4":6,"5":6,"6":6,"7":6,"8":0,"9":0,"10":0,"11":6,"12":6,"13":6},"f":{"0":0},"b":{"0":[0,0],"1":[0,0]},"_coverageSchema":"1a1c01bbd47fc00a2c39e90264f33305004495a9","hash":"2248ceb98f317e3e774befbd292d9f0784fe4a04"}
,"C:\\Users\\Daniel\\Desktop\\Api\\API-RESTful-movilidad\\src\\routes\\history.js": {"path":"C:\\Users\\Daniel\\Desktop\\Api\\API-RESTful-movilidad\\src\\routes\\history.js","statementMap":{"0":{"start":{"line":1,"column":19},"end":{"line":1,"column":37}},"1":{"start":{"line":2,"column":24},"end":{"line":2,"column":52}},"2":{"start":{"line":3,"column":19},"end":{"line":3,"column":61}},"3":{"start":{"line":4,"column":16},"end":{"line":4,"column":58}},"4":{"start":{"line":6,"column":15},"end":{"line":6,"column":23}},"5":{"start":{"line":9,"column":0},"end":{"line":16,"column":3}},"6":{"start":{"line":10,"column":14},"end":{"line":10,"column":53}},"7":{"start":{"line":11,"column":2},"end":{"line":13,"column":3}},"8":{"start":{"line":12,"column":4},"end":{"line":12,"column":62}},"9":{"start":{"line":14,"column":2},"end":{"line":14,"column":26}},"10":{"start":{"line":15,"column":2},"end":{"line":15,"column":9}},"11":{"start":{"line":17,"column":0},"end":{"line":25,"column":3}},"12":{"start":{"line":18,"column":2},"end":{"line":18,"column":39}},"13":{"start":{"line":18,"column":25},"end":{"line":18,"column":39}},"14":{"start":{"line":19,"column":14},"end":{"line":19,"column":53}},"15":{"start":{"line":20,"column":2},"end":{"line":22,"column":3}},"16":{"start":{"line":21,"column":4},"end":{"line":21,"column":58}},"17":{"start":{"line":23,"column":2},"end":{"line":23,"column":22}},"18":{"start":{"line":24,"column":2},"end":{"line":24,"column":9}},"19":{"start":{"line":55,"column":0},"end":{"line":58,"column":2}},"20":{"start":{"line":90,"column":0},"end":{"line":99,"column":2}},"21":{"start":{"line":102,"column":0},"end":{"line":122,"column":2}},"22":{"start":{"line":149,"column":0},"end":{"line":154,"column":2}},"23":{"start":{"line":159,"column":0},"end":{"line":159,"column":24}}},"fnMap":{"0":{"name":"(anonymous_0)","decl":{"start":{"line":9,"column":23},"end":{"line":9,"column":24}},"loc":{"start":{"line":9,"column":48},"end":{"line":16,"column":1}},"line":9},"1":{"name":"(anonymous_1)","decl":{"start":{"line":17,"column":19},"end":{"line":17,"column":20}},"loc":{"start":{"line":17,"column":44},"end":{"line":25,"column":1}},"line":17}},"branchMap":{"0":{"loc":{"start":{"line":11,"column":2},"end":{"line":13,"column":3}},"type":"if","locations":[{"start":{"line":11,"column":2},"end":{"line":13,"column":3}},{"start":{},"end":{}}],"line":11},"1":{"loc":{"start":{"line":11,"column":6},"end":{"line":11,"column":40}},"type":"binary-expr","locations":[{"start":{"line":11,"column":6},"end":{"line":11,"column":28}},{"start":{"line":11,"column":32},"end":{"line":11,"column":40}}],"line":11},"2":{"loc":{"start":{"line":18,"column":2},"end":{"line":18,"column":39}},"type":"if","locations":[{"start":{"line":18,"column":2},"end":{"line":18,"column":39}},{"start":{},"end":{}}],"line":18},"3":{"loc":{"start":{"line":20,"column":2},"end":{"line":22,"column":3}},"type":"if","locations":[{"start":{"line":20,"column":2},"end":{"line":22,"column":3}},{"start":{},"end":{}}],"line":20},"4":{"loc":{"start":{"line":20,"column":6},"end":{"line":20,"column":40}},"type":"binary-expr","locations":[{"start":{"line":20,"column":6},"end":{"line":20,"column":28}},{"start":{"line":20,"column":32},"end":{"line":20,"column":40}}],"line":20}},"s":{"0":6,"1":6,"2":6,"3":6,"4":6,"5":6,"6":0,"7":0,"8":0,"9":0,"10":0,"11":6,"12":0,"13":0,"14":0,"15":0,"16":0,"17":0,"18":0,"19":6,"20":6,"21":6,"22":6,"23":6},"f":{"0":0,"1":0},"b":{"0":[0,0],"1":[0,0],"2":[0,0],"3":[0,0],"4":[0,0]},"_coverageSchema":"1a1c01bbd47fc00a2c39e90264f33305004495a9","hash":"8270c816afe04819550d7f931bc706a0f993e2f8"}
,"C:\\Users\\Daniel\\Desktop\\Api\\API-RESTful-movilidad\\src\\routes\\journey.js": {"path":"C:\\Users\\Daniel\\Desktop\\Api\\API-RESTful-movilidad\\src\\routes\\journey.js","statementMap":{"0":{"start":{"line":1,"column":16},"end":{"line":1,"column":34}},"1":{"start":{"line":2,"column":15},"end":{"line":2,"column":31}},"2":{"start":{"line":3,"column":26},"end":{"line":3,"column":68}},"3":{"start":{"line":4,"column":20},"end":{"line":4,"column":59}},"4":{"start":{"line":6,"column":0},"end":{"line":6,"column":74}},"5":{"start":{"line":7,"column":0},"end":{"line":7,"column":75}},"6":{"start":{"line":8,"column":0},"end":{"line":8,"column":74}},"7":{"start":{"line":10,"column":0},"end":{"line":10,"column":24}}},"fnMap":{},"branchMap":{},"s":{"0":6,"1":6,"2":6,"3":6,"4":6,"5":6,"6":6,"7":6},"f":{},"b":{},"_coverageSchema":"1a1c01bbd47fc00a2c39e90264f33305004495a9","hash":"a5b1e9ac2099b2ddb30044e3926fd6c53fac6152"}
,"C:\\Users\\Daniel\\Desktop\\Api\\API-RESTful-movilidad\\src\\routes\\users.js": {"path":"C:\\Users\\Daniel\\Desktop\\Api\\API-RESTful-movilidad\\src\\routes\\users.js","statementMap":{"0":{"start":{"line":1,"column":16},"end":{"line":1,"column":34}},"1":{"start":{"line":2,"column":15},"end":{"line":2,"column":31}},"2":{"start":{"line":3,"column":20},"end":{"line":3,"column":59}},"3":{"start":{"line":11,"column":4},"end":{"line":11,"column":43}},"4":{"start":{"line":31,"column":0},"end":{"line":31,"column":29}},"5":{"start":{"line":52,"column":0},"end":{"line":52,"column":32}},"6":{"start":{"line":80,"column":0},"end":{"line":80,"column":44}},"7":{"start":{"line":98,"column":0},"end":{"line":98,"column":47}},"8":{"start":{"line":124,"column":0},"end":{"line":124,"column":59}},"9":{"start":{"line":149,"column":0},"end":{"line":149,"column":51}},"10":{"start":{"line":151,"column":0},"end":{"line":151,"column":24}}},"fnMap":{},"branchMap":{},"s":{"0":6,"1":6,"2":6,"3":6,"4":6,"5":6,"6":6,"7":6,"8":6,"9":6,"10":6},"f":{},"b":{},"_coverageSchema":"1a1c01bbd47fc00a2c39e90264f33305004495a9","hash":"260c569c1c7400c7a6ae1000623df704255192db"}
,"C:\\Users\\Daniel\\Desktop\\Api\\API-RESTful-movilidad\\src\\service\\authService.js": {"path":"C:\\Users\\Daniel\\Desktop\\Api\\API-RESTful-movilidad\\src\\service\\authService.js","statementMap":{"0":{"start":{"line":1,"column":18},"end":{"line":1,"column":48}},"1":{"start":{"line":2,"column":15},"end":{"line":2,"column":37}},"2":{"start":{"line":4,"column":0},"end":{"line":13,"column":2}},"3":{"start":{"line":5,"column":4},"end":{"line":12,"column":5}},"4":{"start":{"line":6,"column":8},"end":{"line":8,"column":11}},"5":{"start":{"line":10,"column":8},"end":{"line":10,"column":41}},"6":{"start":{"line":11,"column":8},"end":{"line":11,"column":20}}},"fnMap":{"0":{"name":"(anonymous_0)","decl":{"start":{"line":4,"column":25},"end":{"line":4,"column":26}},"loc":{"start":{"line":4,"column":42},"end":{"line":13,"column":1}},"line":4}},"branchMap":{},"s":{"0":6,"1":6,"2":6,"3":0,"4":0,"5":0,"6":0},"f":{"0":0},"b":{},"_coverageSchema":"1a1c01bbd47fc00a2c39e90264f33305004495a9","hash":"e5573adac1f7e20af2fc8d5dacaa7dec65366c9c"}
,"C:\\Users\\Daniel\\Desktop\\Api\\API-RESTful-movilidad\\src\\service\\getAllJourneysService.js": {"path":"C:\\Users\\Daniel\\Desktop\\Api\\API-RESTful-movilidad\\src\\service\\getAllJourneysService.js","statementMap":{"0":{"start":{"line":1,"column":21},"end":{"line":1,"column":54}},"1":{"start":{"line":3,"column":0},"end":{"line":14,"column":2}},"2":{"start":{"line":4,"column":2},"end":{"line":13,"column":3}},"3":{"start":{"line":5,"column":21},"end":{"line":8,"column":6}},"4":{"start":{"line":10,"column":4},"end":{"line":10,"column":20}},"5":{"start":{"line":12,"column":4},"end":{"line":12,"column":16}}},"fnMap":{"0":{"name":"(anonymous_0)","decl":{"start":{"line":3,"column":25},"end":{"line":3,"column":26}},"loc":{"start":{"line":3,"column":43},"end":{"line":14,"column":1}},"line":3}},"branchMap":{},"s":{"0":6,"1":6,"2":0,"3":0,"4":0,"5":0},"f":{"0":0},"b":{},"_coverageSchema":"1a1c01bbd47fc00a2c39e90264f33305004495a9","hash":"e8157781448160603213067afb4c0e6a589b395f"}
,"C:\\Users\\Daniel\\Desktop\\Api\\API-RESTful-movilidad\\src\\service\\getJourneysByIDService.js": {"path":"C:\\Users\\Daniel\\Desktop\\Api\\API-RESTful-movilidad\\src\\service\\getJourneysByIDService.js","statementMap":{"0":{"start":{"line":1,"column":21},"end":{"line":1,"column":54}},"1":{"start":{"line":3,"column":30},"end":{"line":13,"column":1}},"2":{"start":{"line":4,"column":18},"end":{"line":6,"column":4}},"3":{"start":{"line":8,"column":2},"end":{"line":10,"column":3}},"4":{"start":{"line":9,"column":4},"end":{"line":9,"column":74}},"5":{"start":{"line":12,"column":2},"end":{"line":12,"column":17}},"6":{"start":{"line":15,"column":0},"end":{"line":15,"column":43}}},"fnMap":{"0":{"name":"(anonymous_0)","decl":{"start":{"line":3,"column":30},"end":{"line":3,"column":31}},"loc":{"start":{"line":3,"column":52},"end":{"line":13,"column":1}},"line":3}},"branchMap":{"0":{"loc":{"start":{"line":8,"column":2},"end":{"line":10,"column":3}},"type":"if","locations":[{"start":{"line":8,"column":2},"end":{"line":10,"column":3}},{"start":{},"end":{}}],"line":8}},"s":{"0":6,"1":6,"2":0,"3":0,"4":0,"5":0,"6":6},"f":{"0":0},"b":{"0":[0,0]},"_coverageSchema":"1a1c01bbd47fc00a2c39e90264f33305004495a9","hash":"c8ab4d99fdc1d767ac8c068f1da061b30241d0cf"}
,"C:\\Users\\Daniel\\Desktop\\Api\\API-RESTful-movilidad\\src\\service\\historyService.js": {"path":"C:\\Users\\Daniel\\Desktop\\Api\\API-RESTful-movilidad\\src\\service\\historyService.js","statementMap":{"0":{"start":{"line":2,"column":18},"end":{"line":2,"column":51}},"1":{"start":{"line":3,"column":21},"end":{"line":3,"column":65}},"2":{"start":{"line":6,"column":0},"end":{"line":17,"column":2}},"3":{"start":{"line":7,"column":2},"end":{"line":16,"column":35}},"4":{"start":{"line":20,"column":0},"end":{"line":33,"column":2}},"5":{"start":{"line":21,"column":2},"end":{"line":32,"column":5}},"6":{"start":{"line":36,"column":0},"end":{"line":42,"column":2}},"7":{"start":{"line":37,"column":21},"end":{"line":40,"column":3}},"8":{"start":{"line":41,"column":2},"end":{"line":41,"column":22}},"9":{"start":{"line":44,"column":0},"end":{"line":78,"column":2}},"10":{"start":{"line":45,"column":18},"end":{"line":47,"column":4}},"11":{"start":{"line":48,"column":2},"end":{"line":50,"column":3}},"12":{"start":{"line":49,"column":4},"end":{"line":49,"column":16}},"13":{"start":{"line":51,"column":25},"end":{"line":61,"column":3}},"14":{"start":{"line":63,"column":18},"end":{"line":63,"column":20}},"15":{"start":{"line":65,"column":2},"end":{"line":69,"column":3}},"16":{"start":{"line":66,"column":4},"end":{"line":68,"column":5}},"17":{"start":{"line":67,"column":6},"end":{"line":67,"column":35}},"18":{"start":{"line":72,"column":2},"end":{"line":74,"column":3}},"19":{"start":{"line":73,"column":4},"end":{"line":73,"column":19}},"20":{"start":{"line":76,"column":2},"end":{"line":76,"column":32}},"21":{"start":{"line":77,"column":2},"end":{"line":77,"column":17}}},"fnMap":{"0":{"name":"(anonymous_0)","decl":{"start":{"line":6,"column":27},"end":{"line":6,"column":28}},"loc":{"start":{"line":6,"column":45},"end":{"line":17,"column":1}},"line":6},"1":{"name":"(anonymous_1)","decl":{"start":{"line":20,"column":24},"end":{"line":20,"column":25}},"loc":{"start":{"line":20,"column":48},"end":{"line":33,"column":1}},"line":20},"2":{"name":"(anonymous_2)","decl":{"start":{"line":36,"column":24},"end":{"line":36,"column":25}},"loc":{"start":{"line":36,"column":46},"end":{"line":42,"column":1}},"line":36},"3":{"name":"(anonymous_3)","decl":{"start":{"line":44,"column":24},"end":{"line":44,"column":25}},"loc":{"start":{"line":44,"column":50},"end":{"line":78,"column":1}},"line":44}},"branchMap":{"0":{"loc":{"start":{"line":27,"column":15},"end":{"line":27,"column":37}},"type":"binary-expr","locations":[{"start":{"line":27,"column":15},"end":{"line":27,"column":29}},{"start":{"line":27,"column":33},"end":{"line":27,"column":37}}],"line":27},"1":{"loc":{"start":{"line":28,"column":15},"end":{"line":28,"column":37}},"type":"binary-expr","locations":[{"start":{"line":28,"column":15},"end":{"line":28,"column":29}},{"start":{"line":28,"column":33},"end":{"line":28,"column":37}}],"line":28},"2":{"loc":{"start":{"line":29,"column":10},"end":{"line":29,"column":28}},"type":"binary-expr","locations":[{"start":{"line":29,"column":10},"end":{"line":29,"column":19}},{"start":{"line":29,"column":23},"end":{"line":29,"column":28}}],"line":29},"3":{"loc":{"start":{"line":30,"column":12},"end":{"line":30,"column":37}},"type":"binary-expr","locations":[{"start":{"line":30,"column":12},"end":{"line":30,"column":23}},{"start":{"line":30,"column":27},"end":{"line":30,"column":37}}],"line":30},"4":{"loc":{"start":{"line":31,"column":14},"end":{"line":31,"column":35}},"type":"binary-expr","locations":[{"start":{"line":31,"column":14},"end":{"line":31,"column":27}},{"start":{"line":31,"column":31},"end":{"line":31,"column":35}}],"line":31},"5":{"loc":{"start":{"line":48,"column":2},"end":{"line":50,"column":3}},"type":"if","locations":[{"start":{"line":48,"column":2},"end":{"line":50,"column":3}},{"start":{},"end":{}}],"line":48},"6":{"loc":{"start":{"line":66,"column":4},"end":{"line":68,"column":5}},"type":"if","locations":[{"start":{"line":66,"column":4},"end":{"line":68,"column":5}},{"start":{},"end":{}}],"line":66},"7":{"loc":{"start":{"line":72,"column":2},"end":{"line":74,"column":3}},"type":"if","locations":[{"start":{"line":72,"column":2},"end":{"line":74,"column":3}},{"start":{},"end":{}}],"line":72}},"s":{"0":6,"1":6,"2":6,"3":0,"4":6,"5":0,"6":6,"7":0,"8":0,"9":6,"10":0,"11":0,"12":0,"13":0,"14":0,"15":0,"16":0,"17":0,"18":0,"19":0,"20":0,"21":0},"f":{"0":0,"1":0,"2":0,"3":0},"b":{"0":[0,0],"1":[0,0],"2":[0,0],"3":[0,0],"4":[0,0],"5":[0,0],"6":[0,0],"7":[0,0]},"_coverageSchema":"1a1c01bbd47fc00a2c39e90264f33305004495a9","hash":"f6739498358b1d1bfde257c136e138e68b348415"}
,"C:\\Users\\Daniel\\Desktop\\Api\\API-RESTful-movilidad\\src\\service\\newJourneyService.js": {"path":"C:\\Users\\Daniel\\Desktop\\Api\\API-RESTful-movilidad\\src\\service\\newJourneyService.js","statementMap":{"0":{"start":{"line":1,"column":21},"end":{"line":1,"column":54}},"1":{"start":{"line":3,"column":0},"end":{"line":10,"column":2}},"2":{"start":{"line":4,"column":4},"end":{"line":9,"column":5}},"3":{"start":{"line":5,"column":27},"end":{"line":5,"column":65}},"4":{"start":{"line":6,"column":8},"end":{"line":6,"column":26}},"5":{"start":{"line":8,"column":4},"end":{"line":8,"column":16}}},"fnMap":{"0":{"name":"(anonymous_0)","decl":{"start":{"line":3,"column":24},"end":{"line":3,"column":25}},"loc":{"start":{"line":3,"column":45},"end":{"line":10,"column":1}},"line":3}},"branchMap":{},"s":{"0":6,"1":6,"2":0,"3":0,"4":0,"5":0},"f":{"0":0},"b":{},"_coverageSchema":"1a1c01bbd47fc00a2c39e90264f33305004495a9","hash":"e1522044bd5f7ae8e536ff6728c9a329cd3e48c1"}
,"C:\\Users\\Daniel\\Desktop\\Api\\API-RESTful-movilidad\\src\\service\\singupService.js": {"path":"C:\\Users\\Daniel\\Desktop\\Api\\API-RESTful-movilidad\\src\\service\\singupService.js","statementMap":{"0":{"start":{"line":1,"column":18},"end":{"line":1,"column":48}},"1":{"start":{"line":3,"column":0},"end":{"line":10,"column":2}},"2":{"start":{"line":4,"column":4},"end":{"line":9,"column":5}},"3":{"start":{"line":5,"column":24},"end":{"line":5,"column":56}},"4":{"start":{"line":6,"column":8},"end":{"line":6,"column":23}},"5":{"start":{"line":8,"column":4},"end":{"line":8,"column":16}}},"fnMap":{"0":{"name":"(anonymous_0)","decl":{"start":{"line":3,"column":18},"end":{"line":3,"column":19}},"loc":{"start":{"line":3,"column":36},"end":{"line":10,"column":1}},"line":3}},"branchMap":{},"s":{"0":6,"1":6,"2":0,"3":0,"4":0,"5":0},"f":{"0":0},"b":{},"_coverageSchema":"1a1c01bbd47fc00a2c39e90264f33305004495a9","hash":"19eb8b77e08a7f341ef7162c687fc1dab0d065e3"}
,"C:\\Users\\Daniel\\Desktop\\Api\\API-RESTful-movilidad\\src\\utils\\password.js": {"path":"C:\\Users\\Daniel\\Desktop\\Api\\API-RESTful-movilidad\\src\\utils\\password.js","statementMap":{"0":{"start":{"line":1,"column":15},"end":{"line":1,"column":32}},"1":{"start":{"line":3,"column":20},"end":{"line":3,"column":64}},"2":{"start":{"line":4,"column":15},"end":{"line":4,"column":48}},"3":{"start":{"line":7,"column":17},"end":{"line":7,"column":36}},"4":{"start":{"line":8,"column":15},"end":{"line":8,"column":48}},"5":{"start":{"line":9,"column":2},"end":{"line":9,"column":35}},"6":{"start":{"line":13,"column":17},"end":{"line":13,"column":36}},"7":{"start":{"line":14,"column":2},"end":{"line":14,"column":40}},"8":{"start":{"line":17,"column":0},"end":{"line":17,"column":51}}},"fnMap":{"0":{"name":"hashPassword","decl":{"start":{"line":6,"column":15},"end":{"line":6,"column":27}},"loc":{"start":{"line":6,"column":35},"end":{"line":10,"column":1}},"line":6},"1":{"name":"comparePassword","decl":{"start":{"line":12,"column":15},"end":{"line":12,"column":30}},"loc":{"start":{"line":12,"column":46},"end":{"line":15,"column":1}},"line":12}},"branchMap":{"0":{"loc":{"start":{"line":3,"column":27},"end":{"line":3,"column":63}},"type":"binary-expr","locations":[{"start":{"line":3,"column":27},"end":{"line":3,"column":57}},{"start":{"line":3,"column":61},"end":{"line":3,"column":63}}],"line":3},"1":{"loc":{"start":{"line":4,"column":15},"end":{"line":4,"column":48}},"type":"binary-expr","locations":[{"start":{"line":4,"column":15},"end":{"line":4,"column":42}},{"start":{"line":4,"column":46},"end":{"line":4,"column":48}}],"line":4}},"s":{"0":6,"1":6,"2":6,"3":0,"4":0,"5":0,"6":0,"7":0,"8":6},"f":{"0":0,"1":0},"b":{"0":[6,6],"1":[6,6]},"_coverageSchema":"1a1c01bbd47fc00a2c39e90264f33305004495a9","hash":"a33b84dbc8d5e4590e9944c5e0b7523ee328903a"}
}
