{"C:\\Users\\Daniel\\Desktop\\ApiMovil\\API-RESTful-movilidad\\index.js": {"path":"C:\\Users\\Daniel\\Desktop\\ApiMovil\\API-RESTful-movilidad\\index.js","statementMap":{"0":{"start":{"line":1,"column":16},"end":{"line":1,"column":34}},"1":{"start":{"line":2,"column":15},"end":{"line":2,"column":32}},"2":{"start":{"line":3,"column":15},"end":{"line":3,"column":32}},"3":{"start":{"line":4,"column":13},"end":{"line":4,"column":28}},"4":{"start":{"line":5,"column":17},"end":{"line":5,"column":37}},"5":{"start":{"line":6,"column":15},"end":{"line":6,"column":32}},"6":{"start":{"line":7,"column":13},"end":{"line":7,"column":28}},"7":{"start":{"line":8,"column":18},"end":{"line":8,"column":47}},"8":{"start":{"line":9,"column":24},"end":{"line":9,"column":84}},"9":{"start":{"line":11,"column":23},"end":{"line":11,"column":54}},"10":{"start":{"line":12,"column":19},"end":{"line":12,"column":47}},"11":{"start":{"line":14,"column":0},"end":{"line":14,"column":16}},"12":{"start":{"line":17,"column":15},"end":{"line":22,"column":2}},"13":{"start":{"line":24,"column":12},"end":{"line":24,"column":21}},"14":{"start":{"line":25,"column":13},"end":{"line":25,"column":37}},"15":{"start":{"line":27,"column":0},"end":{"line":30,"column":4}},"16":{"start":{"line":32,"column":0},"end":{"line":32,"column":24}},"17":{"start":{"line":33,"column":0},"end":{"line":33,"column":48}},"18":{"start":{"line":35,"column":0},"end":{"line":35,"column":30}},"19":{"start":{"line":36,"column":0},"end":{"line":36,"column":23}},"20":{"start":{"line":38,"column":0},"end":{"line":38,"column":56}},"21":{"start":{"line":39,"column":0},"end":{"line":39,"column":68}},"22":{"start":{"line":41,"column":0},"end":{"line":41,"column":29}},"23":{"start":{"line":42,"column":0},"end":{"line":42,"column":35}},"24":{"start":{"line":44,"column":0},"end":{"line":44,"column":75}},"25":{"start":{"line":44,"column":28},"end":{"line":44,"column":73}},"26":{"start":{"line":45,"column":0},"end":{"line":45,"column":93}},"27":{"start":{"line":45,"column":33},"end":{"line":45,"column":91}},"28":{"start":{"line":46,"column":0},"end":{"line":46,"column":101}},"29":{"start":{"line":46,"column":37},"end":{"line":46,"column":99}},"30":{"start":{"line":48,"column":18},"end":{"line":48,"column":51}},"31":{"start":{"line":49,"column":18},"end":{"line":49,"column":54}},"32":{"start":{"line":52,"column":2},"end":{"line":66,"column":3}},"33":{"start":{"line":53,"column":4},"end":{"line":53,"column":35}},"34":{"start":{"line":54,"column":4},"end":{"line":54,"column":36}},"35":{"start":{"line":55,"column":4},"end":{"line":55,"column":27}},"36":{"start":{"line":57,"column":25},"end":{"line":60,"column":6}},"37":{"start":{"line":62,"column":4},"end":{"line":63,"column":65}},"38":{"start":{"line":62,"column":17},"end":{"line":62,"column":70}},"39":{"start":{"line":63,"column":9},"end":{"line":63,"column":65}},"40":{"start":{"line":65,"column":4},"end":{"line":65,"column":63}},"41":{"start":{"line":68,"column":0},"end":{"line":68,"column":15}},"42":{"start":{"line":71,"column":0},"end":{"line":73,"column":3}},"43":{"start":{"line":72,"column":2},"end":{"line":72,"column":58}}},"fnMap":{"0":{"name":"(anonymous_0)","decl":{"start":{"line":44,"column":13},"end":{"line":44,"column":14}},"loc":{"start":{"line":44,"column":28},"end":{"line":44,"column":73}},"line":44},"1":{"name":"(anonymous_1)","decl":{"start":{"line":45,"column":18},"end":{"line":45,"column":19}},"loc":{"start":{"line":45,"column":33},"end":{"line":45,"column":91}},"line":45},"2":{"name":"(anonymous_2)","decl":{"start":{"line":46,"column":22},"end":{"line":46,"column":23}},"loc":{"start":{"line":46,"column":37},"end":{"line":46,"column":99}},"line":46},"3":{"name":"seedDemoUser","decl":{"start":{"line":51,"column":15},"end":{"line":51,"column":27}},"loc":{"start":{"line":51,"column":30},"end":{"line":67,"column":1}},"line":51},"4":{"name":"(anonymous_4)","decl":{"start":{"line":71,"column":17},"end":{"line":71,"column":18}},"loc":{"start":{"line":71,"column":23},"end":{"line":73,"column":1}},"line":71}},"branchMap":{"0":{"loc":{"start":{"line":18,"column":9},"end":{"line":18,"column":40}},"type":"binary-expr","locations":[{"start":{"line":18,"column":9},"end":{"line":18,"column":30}},{"start":{"line":18,"column":34},"end":{"line":18,"column":40}}],"line":18},"1":{"loc":{"start":{"line":19,"column":13},"end":{"line":21,"column":15}},"type":"cond-expr","locations":[{"start":{"line":20,"column":6},"end":{"line":20,"column":60}},{"start":{"line":21,"column":6},"end":{"line":21,"column":15}}],"line":19},"2":{"loc":{"start":{"line":25,"column":13},"end":{"line":25,"column":37}},"type":"binary-expr","locations":[{"start":{"line":25,"column":13},"end":{"line":25,"column":29}},{"start":{"line":25,"column":33},"end":{"line":25,"column":37}}],"line":25},"3":{"loc":{"start":{"line":62,"column":4},"end":{"line":63,"column":65}},"type":"if","locations":[{"start":{"line":62,"column":4},"end":{"line":63,"column":65}},{"start":{"line":63,"column":9},"end":{"line":63,"column":65}}],"line":62}},"s":{"0":1,"1":1,"2":1,"3":1,"4":1,"5":1,"6":1,"7":1,"8":1,"9":1,"10":1,"11":1,"12":1,"13":1,"14":1,"15":1,"16":1,"17":1,"18":1,"19":1,"20":1,"21":1,"22":1,"23":1,"24":1,"25":0,"26":1,"27":0,"28":1,"29":0,"30":1,"31":1,"32":1,"33":1,"34":0,"35":0,"36":0,"37":0,"38":0,"39":0,"40":0,"41":1,"42":1,"43":0},"f":{"0":0,"1":0,"2":0,"3":1,"4":0},"b":{"0":[1,1],"1":[1,0],"2":[1,1],"3":[0,0]},"_coverageSchema":"1a1c01bbd47fc00a2c39e90264f33305004495a9","hash":"92859ef8b58c05ce8b4031011adc077275de1c18"}
,"C:\\Users\\Daniel\\Desktop\\ApiMovil\\API-RESTful-movilidad\\src\\config\\Authdatabase.js": {"path":"C:\\Users\\Daniel\\Desktop\\ApiMovil\\API-RESTful-movilidad\\src\\config\\Authdatabase.js","statementMap":{"0":{"start":{"line":1,"column":22},"end":{"line":1,"column":42}},"1":{"start":{"line":2,"column":13},"end":{"line":2,"column":28}},"2":{"start":{"line":5,"column":18},"end":{"line":9,"column":2}},"3":{"start":{"line":11,"column":0},"end":{"line":11,"column":27}}},"fnMap":{},"branchMap":{},"s":{"0":1,"1":1,"2":1,"3":1},"f":{},"b":{},"_coverageSchema":"1a1c01bbd47fc00a2c39e90264f33305004495a9","hash":"168baf0fca9bf831ab3b7dc448908274c65cc458"}
,"C:\\Users\\Daniel\\Desktop\\ApiMovil\\API-RESTful-movilidad\\src\\controller\\authController.js": {"path":"C:\\Users\\Daniel\\Desktop\\ApiMovil\\API-RESTful-movilidad\\src\\controller\\authController.js","statementMap":{"0":{"start":{"line":1,"column":12},"end":{"line":1,"column":35}},"1":{"start":{"line":2,"column":13},"end":{"line":2,"column":43}},"2":{"start":{"line":6,"column":2},"end":{"line":6,"column":52}},"3":{"start":{"line":10,"column":2},"end":{"line":30,"column":3}},"4":{"start":{"line":11,"column":42},"end":{"line":11,"column":50}},"5":{"start":{"line":13,"column":4},"end":{"line":14,"column":87}},"6":{"start":{"line":14,"column":6},"end":{"line":14,"column":87}},"7":{"start":{"line":16,"column":4},"end":{"line":17,"column":97}},"8":{"start":{"line":17,"column":6},"end":{"line":17,"column":97}},"9":{"start":{"line":19,"column":19},"end":{"line":19,"column":62}},"10":{"start":{"line":20,"column":4},"end":{"line":20,"column":81}},"11":{"start":{"line":20,"column":16},"end":{"line":20,"column":81}},"12":{"start":{"line":22,"column":17},"end":{"line":22,"column":65}},"13":{"start":{"line":25,"column":4},"end":{"line":25,"column":70}},"14":{"start":{"line":26,"column":4},"end":{"line":26,"column":93}},"15":{"start":{"line":28,"column":4},"end":{"line":28,"column":55}},"16":{"start":{"line":29,"column":4},"end":{"line":29,"column":69}},"17":{"start":{"line":34,"column":2},"end":{"line":54,"column":3}},"18":{"start":{"line":35,"column":35},"end":{"line":35,"column":43}},"19":{"start":{"line":37,"column":17},"end":{"line":37,"column":60}},"20":{"start":{"line":38,"column":4},"end":{"line":38,"column":90}},"21":{"start":{"line":38,"column":15},"end":{"line":38,"column":90}},"22":{"start":{"line":40,"column":15},"end":{"line":40,"column":49}},"23":{"start":{"line":41,"column":4},"end":{"line":41,"column":88}},"24":{"start":{"line":41,"column":13},"end":{"line":41,"column":88}},"25":{"start":{"line":43,"column":18},"end":{"line":47,"column":5}},"26":{"start":{"line":49,"column":4},"end":{"line":49,"column":66}},"27":{"start":{"line":50,"column":4},"end":{"line":50,"column":98}},"28":{"start":{"line":52,"column":4},"end":{"line":52,"column":52}},"29":{"start":{"line":53,"column":4},"end":{"line":53,"column":69}},"30":{"start":{"line":57,"column":0},"end":{"line":57,"column":37}}},"fnMap":{"0":{"name":"isStrongPassword","decl":{"start":{"line":5,"column":9},"end":{"line":5,"column":25}},"loc":{"start":{"line":5,"column":31},"end":{"line":7,"column":1}},"line":5},"1":{"name":"register","decl":{"start":{"line":9,"column":15},"end":{"line":9,"column":23}},"loc":{"start":{"line":9,"column":34},"end":{"line":31,"column":1}},"line":9},"2":{"name":"login","decl":{"start":{"line":33,"column":15},"end":{"line":33,"column":20}},"loc":{"start":{"line":33,"column":31},"end":{"line":55,"column":1}},"line":33}},"branchMap":{"0":{"loc":{"start":{"line":6,"column":9},"end":{"line":6,"column":51}},"type":"binary-expr","locations":[{"start":{"line":6,"column":9},"end":{"line":6,"column":32}},{"start":{"line":6,"column":36},"end":{"line":6,"column":51}}],"line":6},"1":{"loc":{"start":{"line":13,"column":4},"end":{"line":14,"column":87}},"type":"if","locations":[{"start":{"line":13,"column":4},"end":{"line":14,"column":87}},{"start":{},"end":{}}],"line":13},"2":{"loc":{"start":{"line":13,"column":8},"end":{"line":13,"column":30}},"type":"binary-expr","locations":[{"start":{"line":13,"column":8},"end":{"line":13,"column":17}},{"start":{"line":13,"column":21},"end":{"line":13,"column":30}}],"line":13},"3":{"loc":{"start":{"line":16,"column":4},"end":{"line":17,"column":97}},"type":"if","locations":[{"start":{"line":16,"column":4},"end":{"line":17,"column":97}},{"start":{},"end":{}}],"line":16},"4":{"loc":{"start":{"line":20,"column":4},"end":{"line":20,"column":81}},"type":"if","locations":[{"start":{"line":20,"column":4},"end":{"line":20,"column":81}},{"start":{},"end":{}}],"line":20},"5":{"loc":{"start":{"line":38,"column":4},"end":{"line":38,"column":90}},"type":"if","locations":[{"start":{"line":38,"column":4},"end":{"line":38,"column":90}},{"start":{},"end":{}}],"line":38},"6":{"loc":{"start":{"line":41,"column":4},"end":{"line":41,"column":88}},"type":"if","locations":[{"start":{"line":41,"column":4},"end":{"line":41,"column":88}},{"start":{},"end":{}}],"line":41}},"s":{"0":1,"1":1,"2":0,"3":0,"4":0,"5":0,"6":0,"7":0,"8":0,"9":0,"10":0,"11":0,"12":0,"13":0,"14":0,"15":0,"16":0,"17":0,"18":0,"19":0,"20":0,"21":0,"22":0,"23":0,"24":0,"25":0,"26":0,"27":0,"28":0,"29":0,"30":1},"f":{"0":0,"1":0,"2":0},"b":{"0":[0,0],"1":[0,0],"2":[0,0],"3":[0,0],"4":[0,0],"5":[0,0],"6":[0,0]},"_coverageSchema":"1a1c01bbd47fc00a2c39e90264f33305004495a9","hash":"d14b6568c28ebcb0d9231c2d144714dd18c192a6"}
,"C:\\Users\\Daniel\\Desktop\\ApiMovil\\API-RESTful-movilidad\\src\\controller\\journeyController.js": {"path":"C:\\Users\\Daniel\\Desktop\\ApiMovil\\API-RESTful-movilidad\\src\\controller\\journeyController.js","statementMap":{"0":{"start":{"line":1,"column":26},"end":{"line":1,"column":65}},"1":{"start":{"line":2,"column":30},"end":{"line":2,"column":73}},"2":{"start":{"line":3,"column":32},"end":{"line":3,"column":76}},"3":{"start":{"line":4,"column":15},"end":{"line":4,"column":37}},"4":{"start":{"line":7,"column":0},"end":{"line":21,"column":1}},"5":{"start":{"line":8,"column":9},"end":{"line":20,"column":5}},"6":{"start":{"line":9,"column":28},"end":{"line":12,"column":9}},"7":{"start":{"line":13,"column":31},"end":{"line":13,"column":81}},"8":{"start":{"line":14,"column":8},"end":{"line":17,"column":11}},"9":{"start":{"line":19,"column":8},"end":{"line":19,"column":54}},"10":{"start":{"line":22,"column":0},"end":{"line":32,"column":1}},"11":{"start":{"line":23,"column":4},"end":{"line":31,"column":5}},"12":{"start":{"line":24,"column":25},"end":{"line":24,"column":79}},"13":{"start":{"line":25,"column":8},"end":{"line":28,"column":11}},"14":{"start":{"line":30,"column":8},"end":{"line":30,"column":71}},"15":{"start":{"line":34,"column":0},"end":{"line":45,"column":2}},"16":{"start":{"line":35,"column":2},"end":{"line":44,"column":3}},"17":{"start":{"line":36,"column":19},"end":{"line":36,"column":29}},"18":{"start":{"line":37,"column":20},"end":{"line":37,"column":63}},"19":{"start":{"line":38,"column":4},"end":{"line":41,"column":7}},"20":{"start":{"line":43,"column":4},"end":{"line":43,"column":82}}},"fnMap":{"0":{"name":"(anonymous_0)","decl":{"start":{"line":7,"column":24},"end":{"line":7,"column":25}},"loc":{"start":{"line":7,"column":44},"end":{"line":21,"column":1}},"line":7},"1":{"name":"(anonymous_1)","decl":{"start":{"line":22,"column":25},"end":{"line":22,"column":26}},"loc":{"start":{"line":22,"column":45},"end":{"line":32,"column":1}},"line":22},"2":{"name":"(anonymous_2)","decl":{"start":{"line":34,"column":25},"end":{"line":34,"column":26}},"loc":{"start":{"line":34,"column":45},"end":{"line":45,"column":1}},"line":34}},"branchMap":{"0":{"loc":{"start":{"line":43,"column":34},"end":{"line":43,"column":78}},"type":"binary-expr","locations":[{"start":{"line":43,"column":34},"end":{"line":43,"column":47}},{"start":{"line":43,"column":51},"end":{"line":43,"column":78}}],"line":43}},"s":{"0":1,"1":1,"2":1,"3":1,"4":1,"5":0,"6":0,"7":0,"8":0,"9":0,"10":1,"11":0,"12":0,"13":0,"14":0,"15":1,"16":0,"17":0,"18":0,"19":0,"20":0},"f":{"0":0,"1":0,"2":0},"b":{"0":[0,0]},"_coverageSchema":"1a1c01bbd47fc00a2c39e90264f33305004495a9","hash":"fb9f9ae2780acd9952baaeb512fe6833f5752b94"}
,"C:\\Users\\Daniel\\Desktop\\ApiMovil\\API-RESTful-movilidad\\src\\middleware\\authMiddleware.js": {"path":"C:\\Users\\Daniel\\Desktop\\ApiMovil\\API-RESTful-movilidad\\src\\middleware\\authMiddleware.js","statementMap":{"0":{"start":{"line":1,"column":12},"end":{"line":1,"column":35}},"1":{"start":{"line":3,"column":20},"end":{"line":17,"column":1}},"2":{"start":{"line":4,"column":16},"end":{"line":4,"column":44}},"3":{"start":{"line":6,"column":2},"end":{"line":8,"column":3}},"4":{"start":{"line":7,"column":4},"end":{"line":7,"column":69}},"5":{"start":{"line":10,"column":2},"end":{"line":16,"column":3}},"6":{"start":{"line":11,"column":20},"end":{"line":11,"column":75}},"7":{"start":{"line":12,"column":4},"end":{"line":12,"column":32}},"8":{"start":{"line":13,"column":4},"end":{"line":13,"column":11}},"9":{"start":{"line":15,"column":4},"end":{"line":15,"column":61}},"10":{"start":{"line":19,"column":0},"end":{"line":19,"column":29}}},"fnMap":{"0":{"name":"(anonymous_0)","decl":{"start":{"line":3,"column":20},"end":{"line":3,"column":21}},"loc":{"start":{"line":3,"column":40},"end":{"line":17,"column":1}},"line":3}},"branchMap":{"0":{"loc":{"start":{"line":6,"column":2},"end":{"line":8,"column":3}},"type":"if","locations":[{"start":{"line":6,"column":2},"end":{"line":8,"column":3}},{"start":{},"end":{}}],"line":6}},"s":{"0":1,"1":1,"2":0,"3":0,"4":0,"5":0,"6":0,"7":0,"8":0,"9":0,"10":1},"f":{"0":0},"b":{"0":[0,0]},"_coverageSchema":"1a1c01bbd47fc00a2c39e90264f33305004495a9","hash":"57f48424450bc654869a549d6dc5966ea8decf8e"}
,"C:\\Users\\Daniel\\Desktop\\ApiMovil\\API-RESTful-movilidad\\src\\middleware\\rateLimit.js": {"path":"C:\\Users\\Daniel\\Desktop\\ApiMovil\\API-RESTful-movilidad\\src\\middleware\\rateLimit.js","statementMap":{"0":{"start":{"line":1,"column":18},"end":{"line":1,"column":47}},"1":{"start":{"line":3,"column":21},"end":{"line":9,"column":2}},"2":{"start":{"line":11,"column":0},"end":{"line":11,"column":34}}},"fnMap":{},"branchMap":{},"s":{"0":1,"1":1,"2":1},"f":{},"b":{},"_coverageSchema":"1a1c01bbd47fc00a2c39e90264f33305004495a9","hash":"7b5a26ff3a0ac6ecd192673f1241509e4220abcd"}
,"C:\\Users\\Daniel\\Desktop\\ApiMovil\\API-RESTful-movilidad\\src\\models\\Modelauth.js": {"path":"C:\\Users\\Daniel\\Desktop\\ApiMovil\\API-RESTful-movilidad\\src\\models\\Modelauth.js","statementMap":{"0":{"start":{"line":1,"column":22},"end":{"line":1,"column":42}},"1":{"start":{"line":2,"column":18},"end":{"line":2,"column":51}},"2":{"start":{"line":3,"column":42},"end":{"line":3,"column":70}},"3":{"start":{"line":5,"column":13},"end":{"line":25,"column":2}},"4":{"start":{"line":16,"column":6},"end":{"line":16,"column":75}},"5":{"start":{"line":16,"column":25},"end":{"line":16,"column":75}},"6":{"start":{"line":20,"column":6},"end":{"line":22,"column":7}},"7":{"start":{"line":21,"column":8},"end":{"line":21,"column":58}},"8":{"start":{"line":27,"column":0},"end":{"line":29,"column":2}},"9":{"start":{"line":28,"column":2},"end":{"line":28,"column":47}},"10":{"start":{"line":31,"column":0},"end":{"line":31,"column":22}}},"fnMap":{"0":{"name":"(anonymous_0)","decl":{"start":{"line":15,"column":4},"end":{"line":15,"column":5}},"loc":{"start":{"line":15,"column":29},"end":{"line":17,"column":5}},"line":15},"1":{"name":"(anonymous_1)","decl":{"start":{"line":19,"column":4},"end":{"line":19,"column":5}},"loc":{"start":{"line":19,"column":29},"end":{"line":23,"column":5}},"line":19},"2":{"name":"(anonymous_2)","decl":{"start":{"line":27,"column":31},"end":{"line":27,"column":32}},"loc":{"start":{"line":27,"column":48},"end":{"line":29,"column":1}},"line":27}},"branchMap":{"0":{"loc":{"start":{"line":16,"column":6},"end":{"line":16,"column":75}},"type":"if","locations":[{"start":{"line":16,"column":6},"end":{"line":16,"column":75}},{"start":{},"end":{}}],"line":16},"1":{"loc":{"start":{"line":20,"column":6},"end":{"line":22,"column":7}},"type":"if","locations":[{"start":{"line":20,"column":6},"end":{"line":22,"column":7}},{"start":{},"end":{}}],"line":20}},"s":{"0":1,"1":1,"2":1,"3":1,"4":0,"5":0,"6":0,"7":0,"8":1,"9":0,"10":1},"f":{"0":0,"1":0,"2":0},"b":{"0":[0,0],"1":[0,0]},"_coverageSchema":"1a1c01bbd47fc00a2c39e90264f33305004495a9","hash":"a69a3efd840a6dc20921fca70ec1524051b87955"}
,"C:\\Users\\Daniel\\Desktop\\ApiMovil\\API-RESTful-movilidad\\src\\models\\Modeljourney.js": {"path":"C:\\Users\\Daniel\\Desktop\\ApiMovil\\API-RESTful-movilidad\\src\\models\\Modeljourney.js","statementMap":{"0":{"start":{"line":1,"column":20},"end":{"line":1,"column":40}},"1":{"start":{"line":2,"column":18},"end":{"line":2,"column":51}},"2":{"start":{"line":4,"column":21},"end":{"line":20,"column":1}},"3":{"start":{"line":22,"column":0},"end":{"line":22,"column":30}}},"fnMap":{},"branchMap":{},"s":{"0":1,"1":1,"2":1,"3":1},"f":{},"b":{},"_coverageSchema":"1a1c01bbd47fc00a2c39e90264f33305004495a9","hash":"19d355ea8ebfdb8cd6a4934730a1d7b60395432a"}
,"C:\\Users\\Daniel\\Desktop\\ApiMovil\\API-RESTful-movilidad\\src\\routes\\auth.js": {"path":"C:\\Users\\Daniel\\Desktop\\ApiMovil\\API-RESTful-movilidad\\src\\routes\\auth.js","statementMap":{"0":{"start":{"line":1,"column":16},"end":{"line":1,"column":34}},"1":{"start":{"line":2,"column":28},"end":{"line":2,"column":67}},"2":{"start":{"line":3,"column":25},"end":{"line":3,"column":59}},"3":{"start":{"line":5,"column":15},"end":{"line":5,"column":31}},"4":{"start":{"line":7,"column":0},"end":{"line":7,"column":35}},"5":{"start":{"line":8,"column":0},"end":{"line":8,"column":43}},"6":{"start":{"line":10,"column":0},"end":{"line":10,"column":24}}},"fnMap":{},"branchMap":{},"s":{"0":1,"1":1,"2":1,"3":1,"4":1,"5":1,"6":1},"f":{},"b":{},"_coverageSchema":"1a1c01bbd47fc00a2c39e90264f33305004495a9","hash":"9f47a9b002b039bc93c0285f9c442e5bd53cb21c"}
,"C:\\Users\\Daniel\\Desktop\\ApiMovil\\API-RESTful-movilidad\\src\\routes\\journey.js": {"path":"C:\\Users\\Daniel\\Desktop\\ApiMovil\\API-RESTful-movilidad\\src\\routes\\journey.js","statementMap":{"0":{"start":{"line":1,"column":16},"end":{"line":1,"column":34}},"1":{"start":{"line":2,"column":15},"end":{"line":2,"column":31}},"2":{"start":{"line":3,"column":26},"end":{"line":3,"column":68}},"3":{"start":{"line":4,"column":20},"end":{"line":4,"column":59}},"4":{"start":{"line":6,"column":0},"end":{"line":6,"column":74}},"5":{"start":{"line":7,"column":0},"end":{"line":7,"column":75}},"6":{"start":{"line":8,"column":0},"end":{"line":8,"column":74}},"7":{"start":{"line":10,"column":0},"end":{"line":10,"column":24}}},"fnMap":{},"branchMap":{},"s":{"0":1,"1":1,"2":1,"3":1,"4":1,"5":1,"6":1,"7":1},"f":{},"b":{},"_coverageSchema":"1a1c01bbd47fc00a2c39e90264f33305004495a9","hash":"5d27b83e9bfdfbe348371f6d5f45cd07b8077206"}
,"C:\\Users\\Daniel\\Desktop\\ApiMovil\\API-RESTful-movilidad\\src\\service\\getAllJourneysService.js": {"path":"C:\\Users\\Daniel\\Desktop\\ApiMovil\\API-RESTful-movilidad\\src\\service\\getAllJourneysService.js","statementMap":{"0":{"start":{"line":1,"column":21},"end":{"line":1,"column":54}},"1":{"start":{"line":3,"column":0},"end":{"line":14,"column":2}},"2":{"start":{"line":4,"column":2},"end":{"line":13,"column":3}},"3":{"start":{"line":5,"column":21},"end":{"line":8,"column":6}},"4":{"start":{"line":10,"column":4},"end":{"line":10,"column":20}},"5":{"start":{"line":12,"column":4},"end":{"line":12,"column":16}}},"fnMap":{"0":{"name":"(anonymous_0)","decl":{"start":{"line":3,"column":25},"end":{"line":3,"column":26}},"loc":{"start":{"line":3,"column":43},"end":{"line":14,"column":1}},"line":3}},"branchMap":{},"s":{"0":1,"1":1,"2":0,"3":0,"4":0,"5":0},"f":{"0":0},"b":{},"_coverageSchema":"1a1c01bbd47fc00a2c39e90264f33305004495a9","hash":"5509cfe28270e86819525a023b6433a5ece3c923"}
,"C:\\Users\\Daniel\\Desktop\\ApiMovil\\API-RESTful-movilidad\\src\\service\\getJourneysByIDService.js": {"path":"C:\\Users\\Daniel\\Desktop\\ApiMovil\\API-RESTful-movilidad\\src\\service\\getJourneysByIDService.js","statementMap":{"0":{"start":{"line":1,"column":21},"end":{"line":1,"column":54}},"1":{"start":{"line":3,"column":30},"end":{"line":13,"column":1}},"2":{"start":{"line":4,"column":18},"end":{"line":6,"column":4}},"3":{"start":{"line":8,"column":2},"end":{"line":10,"column":3}},"4":{"start":{"line":9,"column":4},"end":{"line":9,"column":74}},"5":{"start":{"line":12,"column":2},"end":{"line":12,"column":17}},"6":{"start":{"line":15,"column":0},"end":{"line":15,"column":43}}},"fnMap":{"0":{"name":"(anonymous_0)","decl":{"start":{"line":3,"column":30},"end":{"line":3,"column":31}},"loc":{"start":{"line":3,"column":52},"end":{"line":13,"column":1}},"line":3}},"branchMap":{"0":{"loc":{"start":{"line":8,"column":2},"end":{"line":10,"column":3}},"type":"if","locations":[{"start":{"line":8,"column":2},"end":{"line":10,"column":3}},{"start":{},"end":{}}],"line":8}},"s":{"0":1,"1":1,"2":0,"3":0,"4":0,"5":0,"6":1},"f":{"0":0},"b":{"0":[0,0]},"_coverageSchema":"1a1c01bbd47fc00a2c39e90264f33305004495a9","hash":"37db67a66057b6424846713996b202c82a298968"}
,"C:\\Users\\Daniel\\Desktop\\ApiMovil\\API-RESTful-movilidad\\src\\service\\newJourneyService.js": {"path":"C:\\Users\\Daniel\\Desktop\\ApiMovil\\API-RESTful-movilidad\\src\\service\\newJourneyService.js","statementMap":{"0":{"start":{"line":1,"column":21},"end":{"line":1,"column":54}},"1":{"start":{"line":3,"column":0},"end":{"line":10,"column":2}},"2":{"start":{"line":4,"column":4},"end":{"line":9,"column":5}},"3":{"start":{"line":5,"column":27},"end":{"line":5,"column":65}},"4":{"start":{"line":6,"column":8},"end":{"line":6,"column":26}},"5":{"start":{"line":8,"column":4},"end":{"line":8,"column":16}}},"fnMap":{"0":{"name":"(anonymous_0)","decl":{"start":{"line":3,"column":24},"end":{"line":3,"column":25}},"loc":{"start":{"line":3,"column":45},"end":{"line":10,"column":1}},"line":3}},"branchMap":{},"s":{"0":1,"1":1,"2":0,"3":0,"4":0,"5":0},"f":{"0":0},"b":{},"_coverageSchema":"1a1c01bbd47fc00a2c39e90264f33305004495a9","hash":"7888049b633b07dd1a657b1ed1485ea33d30c584"}
,"C:\\Users\\Daniel\\Desktop\\ApiMovil\\API-RESTful-movilidad\\src\\utils\\password.js": {"path":"C:\\Users\\Daniel\\Desktop\\ApiMovil\\API-RESTful-movilidad\\src\\utils\\password.js","statementMap":{"0":{"start":{"line":1,"column":15},"end":{"line":1,"column":32}},"1":{"start":{"line":3,"column":20},"end":{"line":3,"column":64}},"2":{"start":{"line":4,"column":15},"end":{"line":4,"column":48}},"3":{"start":{"line":7,"column":17},"end":{"line":7,"column":36}},"4":{"start":{"line":8,"column":15},"end":{"line":8,"column":48}},"5":{"start":{"line":9,"column":2},"end":{"line":9,"column":35}},"6":{"start":{"line":13,"column":17},"end":{"line":13,"column":36}},"7":{"start":{"line":14,"column":2},"end":{"line":14,"column":40}},"8":{"start":{"line":17,"column":0},"end":{"line":17,"column":51}}},"fnMap":{"0":{"name":"hashPassword","decl":{"start":{"line":6,"column":15},"end":{"line":6,"column":27}},"loc":{"start":{"line":6,"column":35},"end":{"line":10,"column":1}},"line":6},"1":{"name":"comparePassword","decl":{"start":{"line":12,"column":15},"end":{"line":12,"column":30}},"loc":{"start":{"line":12,"column":46},"end":{"line":15,"column":1}},"line":12}},"branchMap":{"0":{"loc":{"start":{"line":3,"column":27},"end":{"line":3,"column":63}},"type":"binary-expr","locations":[{"start":{"line":3,"column":27},"end":{"line":3,"column":57}},{"start":{"line":3,"column":61},"end":{"line":3,"column":63}}],"line":3},"1":{"loc":{"start":{"line":4,"column":15},"end":{"line":4,"column":48}},"type":"binary-expr","locations":[{"start":{"line":4,"column":15},"end":{"line":4,"column":42}},{"start":{"line":4,"column":46},"end":{"line":4,"column":48}}],"line":4}},"s":{"0":1,"1":1,"2":1,"3":0,"4":0,"5":0,"6":0,"7":0,"8":1},"f":{"0":0,"1":0},"b":{"0":[1,1],"1":[1,1]},"_coverageSchema":"1a1c01bbd47fc00a2c39e90264f33305004495a9","hash":"bdf37744b00666a59a97166de05eb5524ceb677d"}
}
